[2014-03-12 01:11:49] production.ERROR: exception 'InvalidArgumentException' with message 'View [/] not found.' in /Users/Daria/Documents/MidtermITP/vendor/laravel/framework/src/Illuminate/View/FileViewFinder.php:139
Stack trace:
#0 /Users/Daria/Documents/MidtermITP/vendor/laravel/framework/src/Illuminate/View/FileViewFinder.php(76): Illuminate\View\FileViewFinder->findInPaths('/', Array)
#1 /Users/Daria/Documents/MidtermITP/vendor/laravel/framework/src/Illuminate/View/Environment.php(115): Illuminate\View\FileViewFinder->find('/')
#2 /Users/Daria/Documents/MidtermITP/vendor/laravel/framework/src/Illuminate/Support/Facades/Facade.php(211): Illuminate\View\Environment->make('/', Array)
#3 /Users/Daria/Documents/MidtermITP/app/routes.php(21): Illuminate\Support\Facades\Facade::__callStatic('make', Array)
#4 /Users/Daria/Documents/MidtermITP/app/routes.php(21): Illuminate\Support\Facades\View::make('/', Array)
#5 [internal function]: {closure}()
#6 /Users/Daria/Documents/MidtermITP/vendor/laravel/framework/src/Illuminate/Routing/Route.php(105): call_user_func_array(Object(Closure), Array)
#7 /Users/Daria/Documents/MidtermITP/vendor/laravel/framework/src/Illuminate/Routing/Router.php(1000): Illuminate\Routing\Route->run(Object(Illuminate\Http\Request))
#8 /Users/Daria/Documents/MidtermITP/vendor/laravel/framework/src/Illuminate/Routing/Router.php(968): Illuminate\Routing\Router->dispatchToRoute(Object(Illuminate\Http\Request))
#9 /Users/Daria/Documents/MidtermITP/vendor/laravel/framework/src/Illuminate/Foundation/Application.php(738): Illuminate\Routing\Router->dispatch(Object(Illuminate\Http\Request))
#10 /Users/Daria/Documents/MidtermITP/vendor/laravel/framework/src/Illuminate/Foundation/Application.php(708): Illuminate\Foundation\Application->dispatch(Object(Illuminate\Http\Request))
#11 /Users/Daria/Documents/MidtermITP/vendor/laravel/framework/src/Illuminate/Http/FrameGuard.php(38): Illuminate\Foundation\Application->handle(Object(Illuminate\Http\Request), 1, true)
#12 /Users/Daria/Documents/MidtermITP/vendor/laravel/framework/src/Illuminate/Session/Middleware.php(72): Illuminate\Http\FrameGuard->handle(Object(Illuminate\Http\Request), 1, true)
#13 /Users/Daria/Documents/MidtermITP/vendor/laravel/framework/src/Illuminate/Cookie/Queue.php(47): Illuminate\Session\Middleware->handle(Object(Illuminate\Http\Request), 1, true)
#14 /Users/Daria/Documents/MidtermITP/vendor/laravel/framework/src/Illuminate/Cookie/Guard.php(51): Illuminate\Cookie\Queue->handle(Object(Illuminate\Http\Request), 1, true)
#15 /Users/Daria/Documents/MidtermITP/vendor/stack/builder/src/Stack/StackedHttpKernel.php(23): Illuminate\Cookie\Guard->handle(Object(Illuminate\Http\Request), 1, true)
#16 /Users/Daria/Documents/MidtermITP/vendor/laravel/framework/src/Illuminate/Foundation/Application.php(606): Stack\StackedHttpKernel->handle(Object(Illuminate\Http\Request))
#17 /Users/Daria/Documents/MidtermITP/public/index.php(49): Illuminate\Foundation\Application->run()
#18 /Users/Daria/Documents/MidtermITP/server.php(19): require_once('/Users/Daria/Do...')
#19 {main} [] []
[2014-03-12 01:11:54] production.ERROR: exception 'InvalidArgumentException' with message 'View [/] not found.' in /Users/Daria/Documents/MidtermITP/vendor/laravel/framework/src/Illuminate/View/FileViewFinder.php:139
Stack trace:
#0 /Users/Daria/Documents/MidtermITP/vendor/laravel/framework/src/Illuminate/View/FileViewFinder.php(76): Illuminate\View\FileViewFinder->findInPaths('/', Array)
#1 /Users/Daria/Documents/MidtermITP/vendor/laravel/framework/src/Illuminate/View/Environment.php(115): Illuminate\View\FileViewFinder->find('/')
#2 /Users/Daria/Documents/MidtermITP/vendor/laravel/framework/src/Illuminate/Support/Facades/Facade.php(211): Illuminate\View\Environment->make('/', Array)
#3 /Users/Daria/Documents/MidtermITP/app/routes.php(21): Illuminate\Support\Facades\Facade::__callStatic('make', Array)
#4 /Users/Daria/Documents/MidtermITP/app/routes.php(21): Illuminate\Support\Facades\View::make('/', Array)
#5 [internal function]: {closure}()
#6 /Users/Daria/Documents/MidtermITP/vendor/laravel/framework/src/Illuminate/Routing/Route.php(105): call_user_func_array(Object(Closure), Array)
#7 /Users/Daria/Documents/MidtermITP/vendor/laravel/framework/src/Illuminate/Routing/Router.php(1000): Illuminate\Routing\Route->run(Object(Illuminate\Http\Request))
#8 /Users/Daria/Documents/MidtermITP/vendor/laravel/framework/src/Illuminate/Routing/Router.php(968): Illuminate\Routing\Router->dispatchToRoute(Object(Illuminate\Http\Request))
#9 /Users/Daria/Documents/MidtermITP/vendor/laravel/framework/src/Illuminate/Foundation/Application.php(738): Illuminate\Routing\Router->dispatch(Object(Illuminate\Http\Request))
#10 /Users/Daria/Documents/MidtermITP/vendor/laravel/framework/src/Illuminate/Foundation/Application.php(708): Illuminate\Foundation\Application->dispatch(Object(Illuminate\Http\Request))
#11 /Users/Daria/Documents/MidtermITP/vendor/laravel/framework/src/Illuminate/Http/FrameGuard.php(38): Illuminate\Foundation\Application->handle(Object(Illuminate\Http\Request), 1, true)
#12 /Users/Daria/Documents/MidtermITP/vendor/laravel/framework/src/Illuminate/Session/Middleware.php(72): Illuminate\Http\FrameGuard->handle(Object(Illuminate\Http\Request), 1, true)
#13 /Users/Daria/Documents/MidtermITP/vendor/laravel/framework/src/Illuminate/Cookie/Queue.php(47): Illuminate\Session\Middleware->handle(Object(Illuminate\Http\Request), 1, true)
#14 /Users/Daria/Documents/MidtermITP/vendor/laravel/framework/src/Illuminate/Cookie/Guard.php(51): Illuminate\Cookie\Queue->handle(Object(Illuminate\Http\Request), 1, true)
#15 /Users/Daria/Documents/MidtermITP/vendor/stack/builder/src/Stack/StackedHttpKernel.php(23): Illuminate\Cookie\Guard->handle(Object(Illuminate\Http\Request), 1, true)
#16 /Users/Daria/Documents/MidtermITP/vendor/laravel/framework/src/Illuminate/Foundation/Application.php(606): Stack\StackedHttpKernel->handle(Object(Illuminate\Http\Request))
#17 /Users/Daria/Documents/MidtermITP/public/index.php(49): Illuminate\Foundation\Application->run()
#18 /Users/Daria/Documents/MidtermITP/server.php(19): require_once('/Users/Daria/Do...')
#19 {main} [] []
[2014-03-12 01:11:54] production.ERROR: exception 'InvalidArgumentException' with message 'View [/] not found.' in /Users/Daria/Documents/MidtermITP/vendor/laravel/framework/src/Illuminate/View/FileViewFinder.php:139
Stack trace:
#0 /Users/Daria/Documents/MidtermITP/vendor/laravel/framework/src/Illuminate/View/FileViewFinder.php(76): Illuminate\View\FileViewFinder->findInPaths('/', Array)
#1 /Users/Daria/Documents/MidtermITP/vendor/laravel/framework/src/Illuminate/View/Environment.php(115): Illuminate\View\FileViewFinder->find('/')
#2 /Users/Daria/Documents/MidtermITP/vendor/laravel/framework/src/Illuminate/Support/Facades/Facade.php(211): Illuminate\View\Environment->make('/', Array)
#3 /Users/Daria/Documents/MidtermITP/app/routes.php(21): Illuminate\Support\Facades\Facade::__callStatic('make', Array)
#4 /Users/Daria/Documents/MidtermITP/app/routes.php(21): Illuminate\Support\Facades\View::make('/', Array)
#5 [internal function]: {closure}()
#6 /Users/Daria/Documents/MidtermITP/vendor/laravel/framework/src/Illuminate/Routing/Route.php(105): call_user_func_array(Object(Closure), Array)
#7 /Users/Daria/Documents/MidtermITP/vendor/laravel/framework/src/Illuminate/Routing/Router.php(1000): Illuminate\Routing\Route->run(Object(Illuminate\Http\Request))
#8 /Users/Daria/Documents/MidtermITP/vendor/laravel/framework/src/Illuminate/Routing/Router.php(968): Illuminate\Routing\Router->dispatchToRoute(Object(Illuminate\Http\Request))
#9 /Users/Daria/Documents/MidtermITP/vendor/laravel/framework/src/Illuminate/Foundation/Application.php(738): Illuminate\Routing\Router->dispatch(Object(Illuminate\Http\Request))
#10 /Users/Daria/Documents/MidtermITP/vendor/laravel/framework/src/Illuminate/Foundation/Application.php(708): Illuminate\Foundation\Application->dispatch(Object(Illuminate\Http\Request))
#11 /Users/Daria/Documents/MidtermITP/vendor/laravel/framework/src/Illuminate/Http/FrameGuard.php(38): Illuminate\Foundation\Application->handle(Object(Illuminate\Http\Request), 1, true)
#12 /Users/Daria/Documents/MidtermITP/vendor/laravel/framework/src/Illuminate/Session/Middleware.php(72): Illuminate\Http\FrameGuard->handle(Object(Illuminate\Http\Request), 1, true)
#13 /Users/Daria/Documents/MidtermITP/vendor/laravel/framework/src/Illuminate/Cookie/Queue.php(47): Illuminate\Session\Middleware->handle(Object(Illuminate\Http\Request), 1, true)
#14 /Users/Daria/Documents/MidtermITP/vendor/laravel/framework/src/Illuminate/Cookie/Guard.php(51): Illuminate\Cookie\Queue->handle(Object(Illuminate\Http\Request), 1, true)
#15 /Users/Daria/Documents/MidtermITP/vendor/stack/builder/src/Stack/StackedHttpKernel.php(23): Illuminate\Cookie\Guard->handle(Object(Illuminate\Http\Request), 1, true)
#16 /Users/Daria/Documents/MidtermITP/vendor/laravel/framework/src/Illuminate/Foundation/Application.php(606): Stack\StackedHttpKernel->handle(Object(Illuminate\Http\Request))
#17 /Users/Daria/Documents/MidtermITP/public/index.php(49): Illuminate\Foundation\Application->run()
#18 /Users/Daria/Documents/MidtermITP/server.php(19): require_once('/Users/Daria/Do...')
#19 {main} [] []
[2014-03-12 01:12:39] production.ERROR: exception 'InvalidArgumentException' with message 'View [] not found.' in /Users/Daria/Documents/MidtermITP/vendor/laravel/framework/src/Illuminate/View/FileViewFinder.php:139
Stack trace:
#0 /Users/Daria/Documents/MidtermITP/vendor/laravel/framework/src/Illuminate/View/FileViewFinder.php(76): Illuminate\View\FileViewFinder->findInPaths('', Array)
#1 /Users/Daria/Documents/MidtermITP/vendor/laravel/framework/src/Illuminate/View/Environment.php(115): Illuminate\View\FileViewFinder->find('')
#2 /Users/Daria/Documents/MidtermITP/vendor/laravel/framework/src/Illuminate/Support/Facades/Facade.php(211): Illuminate\View\Environment->make('', Array)
#3 /Users/Daria/Documents/MidtermITP/app/routes.php(21): Illuminate\Support\Facades\Facade::__callStatic('make', Array)
#4 /Users/Daria/Documents/MidtermITP/app/routes.php(21): Illuminate\Support\Facades\View::make('', Array)
#5 [internal function]: {closure}()
#6 /Users/Daria/Documents/MidtermITP/vendor/laravel/framework/src/Illuminate/Routing/Route.php(105): call_user_func_array(Object(Closure), Array)
#7 /Users/Daria/Documents/MidtermITP/vendor/laravel/framework/src/Illuminate/Routing/Router.php(1000): Illuminate\Routing\Route->run(Object(Illuminate\Http\Request))
#8 /Users/Daria/Documents/MidtermITP/vendor/laravel/framework/src/Illuminate/Routing/Router.php(968): Illuminate\Routing\Router->dispatchToRoute(Object(Illuminate\Http\Request))
#9 /Users/Daria/Documents/MidtermITP/vendor/laravel/framework/src/Illuminate/Foundation/Application.php(738): Illuminate\Routing\Router->dispatch(Object(Illuminate\Http\Request))
#10 /Users/Daria/Documents/MidtermITP/vendor/laravel/framework/src/Illuminate/Foundation/Application.php(708): Illuminate\Foundation\Application->dispatch(Object(Illuminate\Http\Request))
#11 /Users/Daria/Documents/MidtermITP/vendor/laravel/framework/src/Illuminate/Http/FrameGuard.php(38): Illuminate\Foundation\Application->handle(Object(Illuminate\Http\Request), 1, true)
#12 /Users/Daria/Documents/MidtermITP/vendor/laravel/framework/src/Illuminate/Session/Middleware.php(72): Illuminate\Http\FrameGuard->handle(Object(Illuminate\Http\Request), 1, true)
#13 /Users/Daria/Documents/MidtermITP/vendor/laravel/framework/src/Illuminate/Cookie/Queue.php(47): Illuminate\Session\Middleware->handle(Object(Illuminate\Http\Request), 1, true)
#14 /Users/Daria/Documents/MidtermITP/vendor/laravel/framework/src/Illuminate/Cookie/Guard.php(51): Illuminate\Cookie\Queue->handle(Object(Illuminate\Http\Request), 1, true)
#15 /Users/Daria/Documents/MidtermITP/vendor/stack/builder/src/Stack/StackedHttpKernel.php(23): Illuminate\Cookie\Guard->handle(Object(Illuminate\Http\Request), 1, true)
#16 /Users/Daria/Documents/MidtermITP/vendor/laravel/framework/src/Illuminate/Foundation/Application.php(606): Stack\StackedHttpKernel->handle(Object(Illuminate\Http\Request))
#17 /Users/Daria/Documents/MidtermITP/public/index.php(49): Illuminate\Foundation\Application->run()
#18 /Users/Daria/Documents/MidtermITP/server.php(19): require_once('/Users/Daria/Do...')
#19 {main} [] []
[2014-03-12 01:14:58] production.ERROR: exception 'ErrorException' with message 'Undefined variable: dvds' in /Users/Daria/Documents/MidtermITP/app/views/yelp/display.php:23
Stack trace:
#0 /Users/Daria/Documents/MidtermITP/app/views/yelp/display.php(23): Illuminate\Exception\Handler->handleError(8, 'Undefined varia...', '/Users/Daria/Do...', 23, Array)
#1 /Users/Daria/Documents/MidtermITP/vendor/laravel/framework/src/Illuminate/View/Engines/PhpEngine.php(37): include('/Users/Daria/Do...')
#2 /Users/Daria/Documents/MidtermITP/vendor/laravel/framework/src/Illuminate/View/Engines/PhpEngine.php(16): Illuminate\View\Engines\PhpEngine->evaluatePath('/Users/Daria/Do...', Array)
#3 /Users/Daria/Documents/MidtermITP/vendor/laravel/framework/src/Illuminate/View/View.php(134): Illuminate\View\Engines\PhpEngine->get('/Users/Daria/Do...', Array)
#4 /Users/Daria/Documents/MidtermITP/vendor/laravel/framework/src/Illuminate/View/View.php(102): Illuminate\View\View->getContents()
#5 /Users/Daria/Documents/MidtermITP/vendor/laravel/framework/src/Illuminate/View/View.php(76): Illuminate\View\View->renderContents()
#6 /Users/Daria/Documents/MidtermITP/vendor/laravel/framework/src/Illuminate/Http/Response.php(70): Illuminate\View\View->render()
#7 /Users/Daria/Documents/MidtermITP/vendor/symfony/http-foundation/Symfony/Component/HttpFoundation/Response.php(202): Illuminate\Http\Response->setContent(Object(Illuminate\View\View))
#8 /Users/Daria/Documents/MidtermITP/vendor/laravel/framework/src/Illuminate/Routing/Router.php(1427): Symfony\Component\HttpFoundation\Response->__construct(Object(Illuminate\View\View))
#9 /Users/Daria/Documents/MidtermITP/vendor/laravel/framework/src/Illuminate/Routing/Router.php(1003): Illuminate\Routing\Router->prepareResponse(Object(Illuminate\Http\Request), Object(Illuminate\View\View))
#10 /Users/Daria/Documents/MidtermITP/vendor/laravel/framework/src/Illuminate/Routing/Router.php(968): Illuminate\Routing\Router->dispatchToRoute(Object(Illuminate\Http\Request))
#11 /Users/Daria/Documents/MidtermITP/vendor/laravel/framework/src/Illuminate/Foundation/Application.php(738): Illuminate\Routing\Router->dispatch(Object(Illuminate\Http\Request))
#12 /Users/Daria/Documents/MidtermITP/vendor/laravel/framework/src/Illuminate/Foundation/Application.php(708): Illuminate\Foundation\Application->dispatch(Object(Illuminate\Http\Request))
#13 /Users/Daria/Documents/MidtermITP/vendor/laravel/framework/src/Illuminate/Http/FrameGuard.php(38): Illuminate\Foundation\Application->handle(Object(Illuminate\Http\Request), 1, true)
#14 /Users/Daria/Documents/MidtermITP/vendor/laravel/framework/src/Illuminate/Session/Middleware.php(72): Illuminate\Http\FrameGuard->handle(Object(Illuminate\Http\Request), 1, true)
#15 /Users/Daria/Documents/MidtermITP/vendor/laravel/framework/src/Illuminate/Cookie/Queue.php(47): Illuminate\Session\Middleware->handle(Object(Illuminate\Http\Request), 1, true)
#16 /Users/Daria/Documents/MidtermITP/vendor/laravel/framework/src/Illuminate/Cookie/Guard.php(51): Illuminate\Cookie\Queue->handle(Object(Illuminate\Http\Request), 1, true)
#17 /Users/Daria/Documents/MidtermITP/vendor/stack/builder/src/Stack/StackedHttpKernel.php(23): Illuminate\Cookie\Guard->handle(Object(Illuminate\Http\Request), 1, true)
#18 /Users/Daria/Documents/MidtermITP/vendor/laravel/framework/src/Illuminate/Foundation/Application.php(606): Stack\StackedHttpKernel->handle(Object(Illuminate\Http\Request))
#19 /Users/Daria/Documents/MidtermITP/public/index.php(49): Illuminate\Foundation\Application->run()
#20 /Users/Daria/Documents/MidtermITP/server.php(19): require_once('/Users/Daria/Do...')
#21 {main} [] []
[2014-03-12 01:29:52] production.ERROR: exception 'ErrorException' with message 'Undefined property: stdClass::$review' in /Users/Daria/Documents/MidtermITP/app/views/yelp/display.php:36
Stack trace:
#0 /Users/Daria/Documents/MidtermITP/app/views/yelp/display.php(36): Illuminate\Exception\Handler->handleError(8, 'Undefined prope...', '/Users/Daria/Do...', 36, Array)
#1 /Users/Daria/Documents/MidtermITP/vendor/laravel/framework/src/Illuminate/View/Engines/PhpEngine.php(37): include('/Users/Daria/Do...')
#2 /Users/Daria/Documents/MidtermITP/vendor/laravel/framework/src/Illuminate/View/Engines/PhpEngine.php(16): Illuminate\View\Engines\PhpEngine->evaluatePath('/Users/Daria/Do...', Array)
#3 /Users/Daria/Documents/MidtermITP/vendor/laravel/framework/src/Illuminate/View/View.php(134): Illuminate\View\Engines\PhpEngine->get('/Users/Daria/Do...', Array)
#4 /Users/Daria/Documents/MidtermITP/vendor/laravel/framework/src/Illuminate/View/View.php(102): Illuminate\View\View->getContents()
#5 /Users/Daria/Documents/MidtermITP/vendor/laravel/framework/src/Illuminate/View/View.php(76): Illuminate\View\View->renderContents()
#6 /Users/Daria/Documents/MidtermITP/vendor/laravel/framework/src/Illuminate/Http/Response.php(70): Illuminate\View\View->render()
#7 /Users/Daria/Documents/MidtermITP/vendor/symfony/http-foundation/Symfony/Component/HttpFoundation/Response.php(202): Illuminate\Http\Response->setContent(Object(Illuminate\View\View))
#8 /Users/Daria/Documents/MidtermITP/vendor/laravel/framework/src/Illuminate/Routing/Router.php(1427): Symfony\Component\HttpFoundation\Response->__construct(Object(Illuminate\View\View))
#9 /Users/Daria/Documents/MidtermITP/vendor/laravel/framework/src/Illuminate/Routing/Router.php(1003): Illuminate\Routing\Router->prepareResponse(Object(Illuminate\Http\Request), Object(Illuminate\View\View))
#10 /Users/Daria/Documents/MidtermITP/vendor/laravel/framework/src/Illuminate/Routing/Router.php(968): Illuminate\Routing\Router->dispatchToRoute(Object(Illuminate\Http\Request))
#11 /Users/Daria/Documents/MidtermITP/vendor/laravel/framework/src/Illuminate/Foundation/Application.php(738): Illuminate\Routing\Router->dispatch(Object(Illuminate\Http\Request))
#12 /Users/Daria/Documents/MidtermITP/vendor/laravel/framework/src/Illuminate/Foundation/Application.php(708): Illuminate\Foundation\Application->dispatch(Object(Illuminate\Http\Request))
#13 /Users/Daria/Documents/MidtermITP/vendor/laravel/framework/src/Illuminate/Http/FrameGuard.php(38): Illuminate\Foundation\Application->handle(Object(Illuminate\Http\Request), 1, true)
#14 /Users/Daria/Documents/MidtermITP/vendor/laravel/framework/src/Illuminate/Session/Middleware.php(72): Illuminate\Http\FrameGuard->handle(Object(Illuminate\Http\Request), 1, true)
#15 /Users/Daria/Documents/MidtermITP/vendor/laravel/framework/src/Illuminate/Cookie/Queue.php(47): Illuminate\Session\Middleware->handle(Object(Illuminate\Http\Request), 1, true)
#16 /Users/Daria/Documents/MidtermITP/vendor/laravel/framework/src/Illuminate/Cookie/Guard.php(51): Illuminate\Cookie\Queue->handle(Object(Illuminate\Http\Request), 1, true)
#17 /Users/Daria/Documents/MidtermITP/vendor/stack/builder/src/Stack/StackedHttpKernel.php(23): Illuminate\Cookie\Guard->handle(Object(Illuminate\Http\Request), 1, true)
#18 /Users/Daria/Documents/MidtermITP/vendor/laravel/framework/src/Illuminate/Foundation/Application.php(606): Stack\StackedHttpKernel->handle(Object(Illuminate\Http\Request))
#19 /Users/Daria/Documents/MidtermITP/public/index.php(49): Illuminate\Foundation\Application->run()
#20 /Users/Daria/Documents/MidtermITP/server.php(19): require_once('/Users/Daria/Do...')
#21 {main} [] []
[2014-03-12 01:30:12] production.ERROR: exception 'ErrorException' with message 'Undefined property: stdClass::$review' in /Users/Daria/Documents/MidtermITP/app/views/yelp/display.php:37
Stack trace:
#0 /Users/Daria/Documents/MidtermITP/app/views/yelp/display.php(37): Illuminate\Exception\Handler->handleError(8, 'Undefined prope...', '/Users/Daria/Do...', 37, Array)
#1 /Users/Daria/Documents/MidtermITP/vendor/laravel/framework/src/Illuminate/View/Engines/PhpEngine.php(37): include('/Users/Daria/Do...')
#2 /Users/Daria/Documents/MidtermITP/vendor/laravel/framework/src/Illuminate/View/Engines/PhpEngine.php(16): Illuminate\View\Engines\PhpEngine->evaluatePath('/Users/Daria/Do...', Array)
#3 /Users/Daria/Documents/MidtermITP/vendor/laravel/framework/src/Illuminate/View/View.php(134): Illuminate\View\Engines\PhpEngine->get('/Users/Daria/Do...', Array)
#4 /Users/Daria/Documents/MidtermITP/vendor/laravel/framework/src/Illuminate/View/View.php(102): Illuminate\View\View->getContents()
#5 /Users/Daria/Documents/MidtermITP/vendor/laravel/framework/src/Illuminate/View/View.php(76): Illuminate\View\View->renderContents()
#6 /Users/Daria/Documents/MidtermITP/vendor/laravel/framework/src/Illuminate/Http/Response.php(70): Illuminate\View\View->render()
#7 /Users/Daria/Documents/MidtermITP/vendor/symfony/http-foundation/Symfony/Component/HttpFoundation/Response.php(202): Illuminate\Http\Response->setContent(Object(Illuminate\View\View))
#8 /Users/Daria/Documents/MidtermITP/vendor/laravel/framework/src/Illuminate/Routing/Router.php(1427): Symfony\Component\HttpFoundation\Response->__construct(Object(Illuminate\View\View))
#9 /Users/Daria/Documents/MidtermITP/vendor/laravel/framework/src/Illuminate/Routing/Router.php(1003): Illuminate\Routing\Router->prepareResponse(Object(Illuminate\Http\Request), Object(Illuminate\View\View))
#10 /Users/Daria/Documents/MidtermITP/vendor/laravel/framework/src/Illuminate/Routing/Router.php(968): Illuminate\Routing\Router->dispatchToRoute(Object(Illuminate\Http\Request))
#11 /Users/Daria/Documents/MidtermITP/vendor/laravel/framework/src/Illuminate/Foundation/Application.php(738): Illuminate\Routing\Router->dispatch(Object(Illuminate\Http\Request))
#12 /Users/Daria/Documents/MidtermITP/vendor/laravel/framework/src/Illuminate/Foundation/Application.php(708): Illuminate\Foundation\Application->dispatch(Object(Illuminate\Http\Request))
#13 /Users/Daria/Documents/MidtermITP/vendor/laravel/framework/src/Illuminate/Http/FrameGuard.php(38): Illuminate\Foundation\Application->handle(Object(Illuminate\Http\Request), 1, true)
#14 /Users/Daria/Documents/MidtermITP/vendor/laravel/framework/src/Illuminate/Session/Middleware.php(72): Illuminate\Http\FrameGuard->handle(Object(Illuminate\Http\Request), 1, true)
#15 /Users/Daria/Documents/MidtermITP/vendor/laravel/framework/src/Illuminate/Cookie/Queue.php(47): Illuminate\Session\Middleware->handle(Object(Illuminate\Http\Request), 1, true)
#16 /Users/Daria/Documents/MidtermITP/vendor/laravel/framework/src/Illuminate/Cookie/Guard.php(51): Illuminate\Cookie\Queue->handle(Object(Illuminate\Http\Request), 1, true)
#17 /Users/Daria/Documents/MidtermITP/vendor/stack/builder/src/Stack/StackedHttpKernel.php(23): Illuminate\Cookie\Guard->handle(Object(Illuminate\Http\Request), 1, true)
#18 /Users/Daria/Documents/MidtermITP/vendor/laravel/framework/src/Illuminate/Foundation/Application.php(606): Stack\StackedHttpKernel->handle(Object(Illuminate\Http\Request))
#19 /Users/Daria/Documents/MidtermITP/public/index.php(49): Illuminate\Foundation\Application->run()
#20 /Users/Daria/Documents/MidtermITP/server.php(19): require_once('/Users/Daria/Do...')
#21 {main} [] []
[2014-03-12 01:35:09] production.ERROR: exception 'Illuminate\Database\QueryException' with message 'SQLSTATE[23000]: Integrity constraint violation: 1052 Column 'id' in field list is ambiguous (SQL: select `restaurant_name`, `type`, `facebook_page`, `review_description`, `rating`, `id` from `restaurants` inner join `reviews` on `restaurant_id` = `restaurants`.`id`)' in /Users/Daria/Documents/MidtermITP/vendor/laravel/framework/src/Illuminate/Database/Connection.php:539
Stack trace:
#0 /Users/Daria/Documents/MidtermITP/vendor/laravel/framework/src/Illuminate/Database/Connection.php(283): Illuminate\Database\Connection->run('select `restaur...', Array, Object(Closure))
#1 /Users/Daria/Documents/MidtermITP/vendor/laravel/framework/src/Illuminate/Database/Query/Builder.php(1224): Illuminate\Database\Connection->select('select `restaur...', Array)
#2 /Users/Daria/Documents/MidtermITP/vendor/laravel/framework/src/Illuminate/Database/Query/Builder.php(1214): Illuminate\Database\Query\Builder->runSelect()
#3 /Users/Daria/Documents/MidtermITP/vendor/laravel/framework/src/Illuminate/Database/Query/Builder.php(1201): Illuminate\Database\Query\Builder->getFresh(Array)
#4 /Users/Daria/Documents/MidtermITP/app/models/Yelp.php(11): Illuminate\Database\Query\Builder->get()
#5 /Users/Daria/Documents/MidtermITP/app/routes.php(17): Yelp::listReviews()
#6 [internal function]: {closure}()
#7 /Users/Daria/Documents/MidtermITP/vendor/laravel/framework/src/Illuminate/Routing/Route.php(105): call_user_func_array(Object(Closure), Array)
#8 /Users/Daria/Documents/MidtermITP/vendor/laravel/framework/src/Illuminate/Routing/Router.php(1000): Illuminate\Routing\Route->run(Object(Illuminate\Http\Request))
#9 /Users/Daria/Documents/MidtermITP/vendor/laravel/framework/src/Illuminate/Routing/Router.php(968): Illuminate\Routing\Router->dispatchToRoute(Object(Illuminate\Http\Request))
#10 /Users/Daria/Documents/MidtermITP/vendor/laravel/framework/src/Illuminate/Foundation/Application.php(738): Illuminate\Routing\Router->dispatch(Object(Illuminate\Http\Request))
#11 /Users/Daria/Documents/MidtermITP/vendor/laravel/framework/src/Illuminate/Foundation/Application.php(708): Illuminate\Foundation\Application->dispatch(Object(Illuminate\Http\Request))
#12 /Users/Daria/Documents/MidtermITP/vendor/laravel/framework/src/Illuminate/Http/FrameGuard.php(38): Illuminate\Foundation\Application->handle(Object(Illuminate\Http\Request), 1, true)
#13 /Users/Daria/Documents/MidtermITP/vendor/laravel/framework/src/Illuminate/Session/Middleware.php(72): Illuminate\Http\FrameGuard->handle(Object(Illuminate\Http\Request), 1, true)
#14 /Users/Daria/Documents/MidtermITP/vendor/laravel/framework/src/Illuminate/Cookie/Queue.php(47): Illuminate\Session\Middleware->handle(Object(Illuminate\Http\Request), 1, true)
#15 /Users/Daria/Documents/MidtermITP/vendor/laravel/framework/src/Illuminate/Cookie/Guard.php(51): Illuminate\Cookie\Queue->handle(Object(Illuminate\Http\Request), 1, true)
#16 /Users/Daria/Documents/MidtermITP/vendor/stack/builder/src/Stack/StackedHttpKernel.php(23): Illuminate\Cookie\Guard->handle(Object(Illuminate\Http\Request), 1, true)
#17 /Users/Daria/Documents/MidtermITP/vendor/laravel/framework/src/Illuminate/Foundation/Application.php(606): Stack\StackedHttpKernel->handle(Object(Illuminate\Http\Request))
#18 /Users/Daria/Documents/MidtermITP/public/index.php(49): Illuminate\Foundation\Application->run()
#19 /Users/Daria/Documents/MidtermITP/server.php(19): require_once('/Users/Daria/Do...')
#20 {main} [] []
[2014-03-12 01:35:31] production.ERROR: exception 'ErrorException' with message 'Undefined property: stdClass::$review' in /Users/Daria/Documents/MidtermITP/app/views/yelp/display.php:36
Stack trace:
#0 /Users/Daria/Documents/MidtermITP/app/views/yelp/display.php(36): Illuminate\Exception\Handler->handleError(8, 'Undefined prope...', '/Users/Daria/Do...', 36, Array)
#1 /Users/Daria/Documents/MidtermITP/vendor/laravel/framework/src/Illuminate/View/Engines/PhpEngine.php(37): include('/Users/Daria/Do...')
#2 /Users/Daria/Documents/MidtermITP/vendor/laravel/framework/src/Illuminate/View/Engines/PhpEngine.php(16): Illuminate\View\Engines\PhpEngine->evaluatePath('/Users/Daria/Do...', Array)
#3 /Users/Daria/Documents/MidtermITP/vendor/laravel/framework/src/Illuminate/View/View.php(134): Illuminate\View\Engines\PhpEngine->get('/Users/Daria/Do...', Array)
#4 /Users/Daria/Documents/MidtermITP/vendor/laravel/framework/src/Illuminate/View/View.php(102): Illuminate\View\View->getContents()
#5 /Users/Daria/Documents/MidtermITP/vendor/laravel/framework/src/Illuminate/View/View.php(76): Illuminate\View\View->renderContents()
#6 /Users/Daria/Documents/MidtermITP/vendor/laravel/framework/src/Illuminate/Http/Response.php(70): Illuminate\View\View->render()
#7 /Users/Daria/Documents/MidtermITP/vendor/symfony/http-foundation/Symfony/Component/HttpFoundation/Response.php(202): Illuminate\Http\Response->setContent(Object(Illuminate\View\View))
#8 /Users/Daria/Documents/MidtermITP/vendor/laravel/framework/src/Illuminate/Routing/Router.php(1427): Symfony\Component\HttpFoundation\Response->__construct(Object(Illuminate\View\View))
#9 /Users/Daria/Documents/MidtermITP/vendor/laravel/framework/src/Illuminate/Routing/Router.php(1003): Illuminate\Routing\Router->prepareResponse(Object(Illuminate\Http\Request), Object(Illuminate\View\View))
#10 /Users/Daria/Documents/MidtermITP/vendor/laravel/framework/src/Illuminate/Routing/Router.php(968): Illuminate\Routing\Router->dispatchToRoute(Object(Illuminate\Http\Request))
#11 /Users/Daria/Documents/MidtermITP/vendor/laravel/framework/src/Illuminate/Foundation/Application.php(738): Illuminate\Routing\Router->dispatch(Object(Illuminate\Http\Request))
#12 /Users/Daria/Documents/MidtermITP/vendor/laravel/framework/src/Illuminate/Foundation/Application.php(708): Illuminate\Foundation\Application->dispatch(Object(Illuminate\Http\Request))
#13 /Users/Daria/Documents/MidtermITP/vendor/laravel/framework/src/Illuminate/Http/FrameGuard.php(38): Illuminate\Foundation\Application->handle(Object(Illuminate\Http\Request), 1, true)
#14 /Users/Daria/Documents/MidtermITP/vendor/laravel/framework/src/Illuminate/Session/Middleware.php(72): Illuminate\Http\FrameGuard->handle(Object(Illuminate\Http\Request), 1, true)
#15 /Users/Daria/Documents/MidtermITP/vendor/laravel/framework/src/Illuminate/Cookie/Queue.php(47): Illuminate\Session\Middleware->handle(Object(Illuminate\Http\Request), 1, true)
#16 /Users/Daria/Documents/MidtermITP/vendor/laravel/framework/src/Illuminate/Cookie/Guard.php(51): Illuminate\Cookie\Queue->handle(Object(Illuminate\Http\Request), 1, true)
#17 /Users/Daria/Documents/MidtermITP/vendor/stack/builder/src/Stack/StackedHttpKernel.php(23): Illuminate\Cookie\Guard->handle(Object(Illuminate\Http\Request), 1, true)
#18 /Users/Daria/Documents/MidtermITP/vendor/laravel/framework/src/Illuminate/Foundation/Application.php(606): Stack\StackedHttpKernel->handle(Object(Illuminate\Http\Request))
#19 /Users/Daria/Documents/MidtermITP/public/index.php(49): Illuminate\Foundation\Application->run()
#20 /Users/Daria/Documents/MidtermITP/server.php(19): require_once('/Users/Daria/Do...')
#21 {main} [] []
[2014-03-12 01:36:32] production.ERROR: exception 'Symfony\Component\HttpKernel\Exception\NotFoundHttpException' in /Users/Daria/Documents/MidtermITP/vendor/laravel/framework/src/Illuminate/Routing/RouteCollection.php:140
Stack trace:
#0 /Users/Daria/Documents/MidtermITP/vendor/laravel/framework/src/Illuminate/Routing/Router.php(1021): Illuminate\Routing\RouteCollection->match(Object(Illuminate\Http\Request))
#1 /Users/Daria/Documents/MidtermITP/vendor/laravel/framework/src/Illuminate/Routing/Router.php(989): Illuminate\Routing\Router->findRoute(Object(Illuminate\Http\Request))
#2 /Users/Daria/Documents/MidtermITP/vendor/laravel/framework/src/Illuminate/Routing/Router.php(968): Illuminate\Routing\Router->dispatchToRoute(Object(Illuminate\Http\Request))
#3 /Users/Daria/Documents/MidtermITP/vendor/laravel/framework/src/Illuminate/Foundation/Application.php(738): Illuminate\Routing\Router->dispatch(Object(Illuminate\Http\Request))
#4 /Users/Daria/Documents/MidtermITP/vendor/laravel/framework/src/Illuminate/Foundation/Application.php(708): Illuminate\Foundation\Application->dispatch(Object(Illuminate\Http\Request))
#5 /Users/Daria/Documents/MidtermITP/vendor/laravel/framework/src/Illuminate/Http/FrameGuard.php(38): Illuminate\Foundation\Application->handle(Object(Illuminate\Http\Request), 1, true)
#6 /Users/Daria/Documents/MidtermITP/vendor/laravel/framework/src/Illuminate/Session/Middleware.php(72): Illuminate\Http\FrameGuard->handle(Object(Illuminate\Http\Request), 1, true)
#7 /Users/Daria/Documents/MidtermITP/vendor/laravel/framework/src/Illuminate/Cookie/Queue.php(47): Illuminate\Session\Middleware->handle(Object(Illuminate\Http\Request), 1, true)
#8 /Users/Daria/Documents/MidtermITP/vendor/laravel/framework/src/Illuminate/Cookie/Guard.php(51): Illuminate\Cookie\Queue->handle(Object(Illuminate\Http\Request), 1, true)
#9 /Users/Daria/Documents/MidtermITP/vendor/stack/builder/src/Stack/StackedHttpKernel.php(23): Illuminate\Cookie\Guard->handle(Object(Illuminate\Http\Request), 1, true)
#10 /Users/Daria/Documents/MidtermITP/vendor/laravel/framework/src/Illuminate/Foundation/Application.php(606): Stack\StackedHttpKernel->handle(Object(Illuminate\Http\Request))
#11 /Users/Daria/Documents/MidtermITP/public/index.php(49): Illuminate\Foundation\Application->run()
#12 /Users/Daria/Documents/MidtermITP/server.php(19): require_once('/Users/Daria/Do...')
#13 {main} [] []
[2014-03-12 01:39:48] production.ERROR: exception 'Symfony\Component\Debug\Exception\FatalErrorException' with message 'syntax error, unexpected ','' in /Users/Daria/Documents/MidtermITP/app/routes.php:25
Stack trace:
#0 [internal function]: Illuminate\Exception\Handler->handleShutdown()
#1 {main} [] []
[2014-03-12 01:40:32] production.ERROR: exception 'Symfony\Component\HttpKernel\Exception\NotFoundHttpException' in /Users/Daria/Documents/MidtermITP/vendor/laravel/framework/src/Illuminate/Routing/RouteCollection.php:140
Stack trace:
#0 /Users/Daria/Documents/MidtermITP/vendor/laravel/framework/src/Illuminate/Routing/Router.php(1021): Illuminate\Routing\RouteCollection->match(Object(Illuminate\Http\Request))
#1 /Users/Daria/Documents/MidtermITP/vendor/laravel/framework/src/Illuminate/Routing/Router.php(989): Illuminate\Routing\Router->findRoute(Object(Illuminate\Http\Request))
#2 /Users/Daria/Documents/MidtermITP/vendor/laravel/framework/src/Illuminate/Routing/Router.php(968): Illuminate\Routing\Router->dispatchToRoute(Object(Illuminate\Http\Request))
#3 /Users/Daria/Documents/MidtermITP/vendor/laravel/framework/src/Illuminate/Foundation/Application.php(738): Illuminate\Routing\Router->dispatch(Object(Illuminate\Http\Request))
#4 /Users/Daria/Documents/MidtermITP/vendor/laravel/framework/src/Illuminate/Foundation/Application.php(708): Illuminate\Foundation\Application->dispatch(Object(Illuminate\Http\Request))
#5 /Users/Daria/Documents/MidtermITP/vendor/laravel/framework/src/Illuminate/Http/FrameGuard.php(38): Illuminate\Foundation\Application->handle(Object(Illuminate\Http\Request), 1, true)
#6 /Users/Daria/Documents/MidtermITP/vendor/laravel/framework/src/Illuminate/Session/Middleware.php(72): Illuminate\Http\FrameGuard->handle(Object(Illuminate\Http\Request), 1, true)
#7 /Users/Daria/Documents/MidtermITP/vendor/laravel/framework/src/Illuminate/Cookie/Queue.php(47): Illuminate\Session\Middleware->handle(Object(Illuminate\Http\Request), 1, true)
#8 /Users/Daria/Documents/MidtermITP/vendor/laravel/framework/src/Illuminate/Cookie/Guard.php(51): Illuminate\Cookie\Queue->handle(Object(Illuminate\Http\Request), 1, true)
#9 /Users/Daria/Documents/MidtermITP/vendor/stack/builder/src/Stack/StackedHttpKernel.php(23): Illuminate\Cookie\Guard->handle(Object(Illuminate\Http\Request), 1, true)
#10 /Users/Daria/Documents/MidtermITP/vendor/laravel/framework/src/Illuminate/Foundation/Application.php(606): Stack\StackedHttpKernel->handle(Object(Illuminate\Http\Request))
#11 /Users/Daria/Documents/MidtermITP/public/index.php(49): Illuminate\Foundation\Application->run()
#12 /Users/Daria/Documents/MidtermITP/server.php(19): require_once('/Users/Daria/Do...')
#13 {main} [] []
[2014-03-12 01:40:42] production.ERROR: exception 'Symfony\Component\HttpKernel\Exception\NotFoundHttpException' in /Users/Daria/Documents/MidtermITP/vendor/laravel/framework/src/Illuminate/Routing/RouteCollection.php:140
Stack trace:
#0 /Users/Daria/Documents/MidtermITP/vendor/laravel/framework/src/Illuminate/Routing/Router.php(1021): Illuminate\Routing\RouteCollection->match(Object(Illuminate\Http\Request))
#1 /Users/Daria/Documents/MidtermITP/vendor/laravel/framework/src/Illuminate/Routing/Router.php(989): Illuminate\Routing\Router->findRoute(Object(Illuminate\Http\Request))
#2 /Users/Daria/Documents/MidtermITP/vendor/laravel/framework/src/Illuminate/Routing/Router.php(968): Illuminate\Routing\Router->dispatchToRoute(Object(Illuminate\Http\Request))
#3 /Users/Daria/Documents/MidtermITP/vendor/laravel/framework/src/Illuminate/Foundation/Application.php(738): Illuminate\Routing\Router->dispatch(Object(Illuminate\Http\Request))
#4 /Users/Daria/Documents/MidtermITP/vendor/laravel/framework/src/Illuminate/Foundation/Application.php(708): Illuminate\Foundation\Application->dispatch(Object(Illuminate\Http\Request))
#5 /Users/Daria/Documents/MidtermITP/vendor/laravel/framework/src/Illuminate/Http/FrameGuard.php(38): Illuminate\Foundation\Application->handle(Object(Illuminate\Http\Request), 1, true)
#6 /Users/Daria/Documents/MidtermITP/vendor/laravel/framework/src/Illuminate/Session/Middleware.php(72): Illuminate\Http\FrameGuard->handle(Object(Illuminate\Http\Request), 1, true)
#7 /Users/Daria/Documents/MidtermITP/vendor/laravel/framework/src/Illuminate/Cookie/Queue.php(47): Illuminate\Session\Middleware->handle(Object(Illuminate\Http\Request), 1, true)
#8 /Users/Daria/Documents/MidtermITP/vendor/laravel/framework/src/Illuminate/Cookie/Guard.php(51): Illuminate\Cookie\Queue->handle(Object(Illuminate\Http\Request), 1, true)
#9 /Users/Daria/Documents/MidtermITP/vendor/stack/builder/src/Stack/StackedHttpKernel.php(23): Illuminate\Cookie\Guard->handle(Object(Illuminate\Http\Request), 1, true)
#10 /Users/Daria/Documents/MidtermITP/vendor/laravel/framework/src/Illuminate/Foundation/Application.php(606): Stack\StackedHttpKernel->handle(Object(Illuminate\Http\Request))
#11 /Users/Daria/Documents/MidtermITP/public/index.php(49): Illuminate\Foundation\Application->run()
#12 /Users/Daria/Documents/MidtermITP/server.php(19): require_once('/Users/Daria/Do...')
#13 {main} [] []
[2014-03-12 01:46:12] production.ERROR: exception 'ErrorException' with message 'Undefined property: stdClass::$restaurants_name' in /Users/Daria/Documents/MidtermITP/app/views/yelp/reviews.php:12
Stack trace:
#0 /Users/Daria/Documents/MidtermITP/app/views/yelp/reviews.php(12): Illuminate\Exception\Handler->handleError(8, 'Undefined prope...', '/Users/Daria/Do...', 12, Array)
#1 /Users/Daria/Documents/MidtermITP/vendor/laravel/framework/src/Illuminate/View/Engines/PhpEngine.php(37): include('/Users/Daria/Do...')
#2 /Users/Daria/Documents/MidtermITP/vendor/laravel/framework/src/Illuminate/View/Engines/PhpEngine.php(16): Illuminate\View\Engines\PhpEngine->evaluatePath('/Users/Daria/Do...', Array)
#3 /Users/Daria/Documents/MidtermITP/vendor/laravel/framework/src/Illuminate/View/View.php(134): Illuminate\View\Engines\PhpEngine->get('/Users/Daria/Do...', Array)
#4 /Users/Daria/Documents/MidtermITP/vendor/laravel/framework/src/Illuminate/View/View.php(102): Illuminate\View\View->getContents()
#5 /Users/Daria/Documents/MidtermITP/vendor/laravel/framework/src/Illuminate/View/View.php(76): Illuminate\View\View->renderContents()
#6 /Users/Daria/Documents/MidtermITP/vendor/laravel/framework/src/Illuminate/Http/Response.php(70): Illuminate\View\View->render()
#7 /Users/Daria/Documents/MidtermITP/vendor/symfony/http-foundation/Symfony/Component/HttpFoundation/Response.php(202): Illuminate\Http\Response->setContent(Object(Illuminate\View\View))
#8 /Users/Daria/Documents/MidtermITP/vendor/laravel/framework/src/Illuminate/Routing/Router.php(1427): Symfony\Component\HttpFoundation\Response->__construct(Object(Illuminate\View\View))
#9 /Users/Daria/Documents/MidtermITP/vendor/laravel/framework/src/Illuminate/Routing/Router.php(1003): Illuminate\Routing\Router->prepareResponse(Object(Illuminate\Http\Request), Object(Illuminate\View\View))
#10 /Users/Daria/Documents/MidtermITP/vendor/laravel/framework/src/Illuminate/Routing/Router.php(968): Illuminate\Routing\Router->dispatchToRoute(Object(Illuminate\Http\Request))
#11 /Users/Daria/Documents/MidtermITP/vendor/laravel/framework/src/Illuminate/Foundation/Application.php(738): Illuminate\Routing\Router->dispatch(Object(Illuminate\Http\Request))
#12 /Users/Daria/Documents/MidtermITP/vendor/laravel/framework/src/Illuminate/Foundation/Application.php(708): Illuminate\Foundation\Application->dispatch(Object(Illuminate\Http\Request))
#13 /Users/Daria/Documents/MidtermITP/vendor/laravel/framework/src/Illuminate/Http/FrameGuard.php(38): Illuminate\Foundation\Application->handle(Object(Illuminate\Http\Request), 1, true)
#14 /Users/Daria/Documents/MidtermITP/vendor/laravel/framework/src/Illuminate/Session/Middleware.php(72): Illuminate\Http\FrameGuard->handle(Object(Illuminate\Http\Request), 1, true)
#15 /Users/Daria/Documents/MidtermITP/vendor/laravel/framework/src/Illuminate/Cookie/Queue.php(47): Illuminate\Session\Middleware->handle(Object(Illuminate\Http\Request), 1, true)
#16 /Users/Daria/Documents/MidtermITP/vendor/laravel/framework/src/Illuminate/Cookie/Guard.php(51): Illuminate\Cookie\Queue->handle(Object(Illuminate\Http\Request), 1, true)
#17 /Users/Daria/Documents/MidtermITP/vendor/stack/builder/src/Stack/StackedHttpKernel.php(23): Illuminate\Cookie\Guard->handle(Object(Illuminate\Http\Request), 1, true)
#18 /Users/Daria/Documents/MidtermITP/vendor/laravel/framework/src/Illuminate/Foundation/Application.php(606): Stack\StackedHttpKernel->handle(Object(Illuminate\Http\Request))
#19 /Users/Daria/Documents/MidtermITP/public/index.php(49): Illuminate\Foundation\Application->run()
#20 /Users/Daria/Documents/MidtermITP/server.php(19): require_once('/Users/Daria/Do...')
#21 {main} [] []
[2014-03-12 01:48:10] production.ERROR: exception 'ErrorException' with message 'Object of class stdClass could not be converted to string' in /Users/Daria/Documents/MidtermITP/app/views/yelp/reviews.php:15
Stack trace:
#0 /Users/Daria/Documents/MidtermITP/app/views/yelp/reviews.php(15): Illuminate\Exception\Handler->handleError(4096, 'Object of class...', '/Users/Daria/Do...', 15, Array)
#1 /Users/Daria/Documents/MidtermITP/vendor/laravel/framework/src/Illuminate/View/Engines/PhpEngine.php(37): include('/Users/Daria/Do...')
#2 /Users/Daria/Documents/MidtermITP/vendor/laravel/framework/src/Illuminate/View/Engines/PhpEngine.php(16): Illuminate\View\Engines\PhpEngine->evaluatePath('/Users/Daria/Do...', Array)
#3 /Users/Daria/Documents/MidtermITP/vendor/laravel/framework/src/Illuminate/View/View.php(134): Illuminate\View\Engines\PhpEngine->get('/Users/Daria/Do...', Array)
#4 /Users/Daria/Documents/MidtermITP/vendor/laravel/framework/src/Illuminate/View/View.php(102): Illuminate\View\View->getContents()
#5 /Users/Daria/Documents/MidtermITP/vendor/laravel/framework/src/Illuminate/View/View.php(76): Illuminate\View\View->renderContents()
#6 /Users/Daria/Documents/MidtermITP/vendor/laravel/framework/src/Illuminate/Http/Response.php(70): Illuminate\View\View->render()
#7 /Users/Daria/Documents/MidtermITP/vendor/symfony/http-foundation/Symfony/Component/HttpFoundation/Response.php(202): Illuminate\Http\Response->setContent(Object(Illuminate\View\View))
#8 /Users/Daria/Documents/MidtermITP/vendor/laravel/framework/src/Illuminate/Routing/Router.php(1427): Symfony\Component\HttpFoundation\Response->__construct(Object(Illuminate\View\View))
#9 /Users/Daria/Documents/MidtermITP/vendor/laravel/framework/src/Illuminate/Routing/Router.php(1003): Illuminate\Routing\Router->prepareResponse(Object(Illuminate\Http\Request), Object(Illuminate\View\View))
#10 /Users/Daria/Documents/MidtermITP/vendor/laravel/framework/src/Illuminate/Routing/Router.php(968): Illuminate\Routing\Router->dispatchToRoute(Object(Illuminate\Http\Request))
#11 /Users/Daria/Documents/MidtermITP/vendor/laravel/framework/src/Illuminate/Foundation/Application.php(738): Illuminate\Routing\Router->dispatch(Object(Illuminate\Http\Request))
#12 /Users/Daria/Documents/MidtermITP/vendor/laravel/framework/src/Illuminate/Foundation/Application.php(708): Illuminate\Foundation\Application->dispatch(Object(Illuminate\Http\Request))
#13 /Users/Daria/Documents/MidtermITP/vendor/laravel/framework/src/Illuminate/Http/FrameGuard.php(38): Illuminate\Foundation\Application->handle(Object(Illuminate\Http\Request), 1, true)
#14 /Users/Daria/Documents/MidtermITP/vendor/laravel/framework/src/Illuminate/Session/Middleware.php(72): Illuminate\Http\FrameGuard->handle(Object(Illuminate\Http\Request), 1, true)
#15 /Users/Daria/Documents/MidtermITP/vendor/laravel/framework/src/Illuminate/Cookie/Queue.php(47): Illuminate\Session\Middleware->handle(Object(Illuminate\Http\Request), 1, true)
#16 /Users/Daria/Documents/MidtermITP/vendor/laravel/framework/src/Illuminate/Cookie/Guard.php(51): Illuminate\Cookie\Queue->handle(Object(Illuminate\Http\Request), 1, true)
#17 /Users/Daria/Documents/MidtermITP/vendor/stack/builder/src/Stack/StackedHttpKernel.php(23): Illuminate\Cookie\Guard->handle(Object(Illuminate\Http\Request), 1, true)
#18 /Users/Daria/Documents/MidtermITP/vendor/laravel/framework/src/Illuminate/Foundation/Application.php(606): Stack\StackedHttpKernel->handle(Object(Illuminate\Http\Request))
#19 /Users/Daria/Documents/MidtermITP/public/index.php(49): Illuminate\Foundation\Application->run()
#20 /Users/Daria/Documents/MidtermITP/server.php(19): require_once('/Users/Daria/Do...')
#21 {main} [] []
[2014-03-12 01:59:52] production.ERROR: exception 'Symfony\Component\Debug\Exception\FatalErrorException' with message 'syntax error, unexpected 'getResults' (T_STRING), expecting variable (T_VARIABLE) or '$'' in /Users/Daria/Documents/MidtermITP/app/routes.php:28
Stack trace:
#0 [internal function]: Illuminate\Exception\Handler->handleShutdown()
#1 {main} [] []
[2014-03-12 02:03:39] production.ERROR: exception 'ErrorException' with message 'Trying to get property of non-object' in /Users/Daria/Documents/MidtermITP/app/routes.php:28
Stack trace:
#0 /Users/Daria/Documents/MidtermITP/app/routes.php(28): Illuminate\Exception\Handler->handleError(8, 'Trying to get p...', '/Users/Daria/Do...', 28, Array)
#1 [internal function]: {closure}('1')
#2 /Users/Daria/Documents/MidtermITP/vendor/laravel/framework/src/Illuminate/Routing/Route.php(105): call_user_func_array(Object(Closure), Array)
#3 /Users/Daria/Documents/MidtermITP/vendor/laravel/framework/src/Illuminate/Routing/Router.php(1000): Illuminate\Routing\Route->run(Object(Illuminate\Http\Request))
#4 /Users/Daria/Documents/MidtermITP/vendor/laravel/framework/src/Illuminate/Routing/Router.php(968): Illuminate\Routing\Router->dispatchToRoute(Object(Illuminate\Http\Request))
#5 /Users/Daria/Documents/MidtermITP/vendor/laravel/framework/src/Illuminate/Foundation/Application.php(738): Illuminate\Routing\Router->dispatch(Object(Illuminate\Http\Request))
#6 /Users/Daria/Documents/MidtermITP/vendor/laravel/framework/src/Illuminate/Foundation/Application.php(708): Illuminate\Foundation\Application->dispatch(Object(Illuminate\Http\Request))
#7 /Users/Daria/Documents/MidtermITP/vendor/laravel/framework/src/Illuminate/Http/FrameGuard.php(38): Illuminate\Foundation\Application->handle(Object(Illuminate\Http\Request), 1, true)
#8 /Users/Daria/Documents/MidtermITP/vendor/laravel/framework/src/Illuminate/Session/Middleware.php(72): Illuminate\Http\FrameGuard->handle(Object(Illuminate\Http\Request), 1, true)
#9 /Users/Daria/Documents/MidtermITP/vendor/laravel/framework/src/Illuminate/Cookie/Queue.php(47): Illuminate\Session\Middleware->handle(Object(Illuminate\Http\Request), 1, true)
#10 /Users/Daria/Documents/MidtermITP/vendor/laravel/framework/src/Illuminate/Cookie/Guard.php(51): Illuminate\Cookie\Queue->handle(Object(Illuminate\Http\Request), 1, true)
#11 /Users/Daria/Documents/MidtermITP/vendor/stack/builder/src/Stack/StackedHttpKernel.php(23): Illuminate\Cookie\Guard->handle(Object(Illuminate\Http\Request), 1, true)
#12 /Users/Daria/Documents/MidtermITP/vendor/laravel/framework/src/Illuminate/Foundation/Application.php(606): Stack\StackedHttpKernel->handle(Object(Illuminate\Http\Request))
#13 /Users/Daria/Documents/MidtermITP/public/index.php(49): Illuminate\Foundation\Application->run()
#14 /Users/Daria/Documents/MidtermITP/server.php(19): require_once('/Users/Daria/Do...')
#15 {main} [] []
[2014-03-12 02:04:13] production.ERROR: exception 'ErrorException' with message 'Undefined variable: json' in /Users/Daria/Documents/MidtermITP/app/views/yelp/reviews.php:12
Stack trace:
#0 /Users/Daria/Documents/MidtermITP/app/views/yelp/reviews.php(12): Illuminate\Exception\Handler->handleError(8, 'Undefined varia...', '/Users/Daria/Do...', 12, Array)
#1 /Users/Daria/Documents/MidtermITP/vendor/laravel/framework/src/Illuminate/View/Engines/PhpEngine.php(37): include('/Users/Daria/Do...')
#2 /Users/Daria/Documents/MidtermITP/vendor/laravel/framework/src/Illuminate/View/Engines/PhpEngine.php(16): Illuminate\View\Engines\PhpEngine->evaluatePath('/Users/Daria/Do...', Array)
#3 /Users/Daria/Documents/MidtermITP/vendor/laravel/framework/src/Illuminate/View/View.php(134): Illuminate\View\Engines\PhpEngine->get('/Users/Daria/Do...', Array)
#4 /Users/Daria/Documents/MidtermITP/vendor/laravel/framework/src/Illuminate/View/View.php(102): Illuminate\View\View->getContents()
#5 /Users/Daria/Documents/MidtermITP/vendor/laravel/framework/src/Illuminate/View/View.php(76): Illuminate\View\View->renderContents()
#6 /Users/Daria/Documents/MidtermITP/vendor/laravel/framework/src/Illuminate/Http/Response.php(70): Illuminate\View\View->render()
#7 /Users/Daria/Documents/MidtermITP/vendor/symfony/http-foundation/Symfony/Component/HttpFoundation/Response.php(202): Illuminate\Http\Response->setContent(Object(Illuminate\View\View))
#8 /Users/Daria/Documents/MidtermITP/vendor/laravel/framework/src/Illuminate/Routing/Router.php(1427): Symfony\Component\HttpFoundation\Response->__construct(Object(Illuminate\View\View))
#9 /Users/Daria/Documents/MidtermITP/vendor/laravel/framework/src/Illuminate/Routing/Router.php(1003): Illuminate\Routing\Router->prepareResponse(Object(Illuminate\Http\Request), Object(Illuminate\View\View))
#10 /Users/Daria/Documents/MidtermITP/vendor/laravel/framework/src/Illuminate/Routing/Router.php(968): Illuminate\Routing\Router->dispatchToRoute(Object(Illuminate\Http\Request))
#11 /Users/Daria/Documents/MidtermITP/vendor/laravel/framework/src/Illuminate/Foundation/Application.php(738): Illuminate\Routing\Router->dispatch(Object(Illuminate\Http\Request))
#12 /Users/Daria/Documents/MidtermITP/vendor/laravel/framework/src/Illuminate/Foundation/Application.php(708): Illuminate\Foundation\Application->dispatch(Object(Illuminate\Http\Request))
#13 /Users/Daria/Documents/MidtermITP/vendor/laravel/framework/src/Illuminate/Http/FrameGuard.php(38): Illuminate\Foundation\Application->handle(Object(Illuminate\Http\Request), 1, true)
#14 /Users/Daria/Documents/MidtermITP/vendor/laravel/framework/src/Illuminate/Session/Middleware.php(72): Illuminate\Http\FrameGuard->handle(Object(Illuminate\Http\Request), 1, true)
#15 /Users/Daria/Documents/MidtermITP/vendor/laravel/framework/src/Illuminate/Cookie/Queue.php(47): Illuminate\Session\Middleware->handle(Object(Illuminate\Http\Request), 1, true)
#16 /Users/Daria/Documents/MidtermITP/vendor/laravel/framework/src/Illuminate/Cookie/Guard.php(51): Illuminate\Cookie\Queue->handle(Object(Illuminate\Http\Request), 1, true)
#17 /Users/Daria/Documents/MidtermITP/vendor/stack/builder/src/Stack/StackedHttpKernel.php(23): Illuminate\Cookie\Guard->handle(Object(Illuminate\Http\Request), 1, true)
#18 /Users/Daria/Documents/MidtermITP/vendor/laravel/framework/src/Illuminate/Foundation/Application.php(606): Stack\StackedHttpKernel->handle(Object(Illuminate\Http\Request))
#19 /Users/Daria/Documents/MidtermITP/public/index.php(49): Illuminate\Foundation\Application->run()
#20 /Users/Daria/Documents/MidtermITP/server.php(19): require_once('/Users/Daria/Do...')
#21 {main} [] []
[2014-03-12 02:20:05] production.ERROR: exception 'Symfony\Component\Debug\Exception\FatalErrorException' with message 'syntax error, unexpected 'endif' (T_ENDIF)' in /Users/Daria/Documents/MidtermITP/app/views/yelp/display.php:31
Stack trace:
#0 [internal function]: Illuminate\Exception\Handler->handleShutdown()
#1 {main} [] []
[2014-03-12 02:20:07] production.ERROR: exception 'Symfony\Component\Debug\Exception\FatalErrorException' with message 'syntax error, unexpected 'endif' (T_ENDIF)' in /Users/Daria/Documents/MidtermITP/app/views/yelp/display.php:31
Stack trace:
#0 [internal function]: Illuminate\Exception\Handler->handleShutdown()
#1 {main} [] []
[2014-03-12 02:20:31] production.ERROR: exception 'ErrorException' with message 'file_get_contents(http://graph.facebook.com/): failed to open stream: HTTP request failed! HTTP/1.0 400 Bad Request
' in /Users/Daria/Documents/MidtermITP/app/Yelp/Facebook/FacebookPage.php:25
Stack trace:
#0 [internal function]: Illuminate\Exception\Handler->handleError(2, 'file_get_conten...', '/Users/Daria/Do...', 25, Array)
#1 /Users/Daria/Documents/MidtermITP/app/Yelp/Facebook/FacebookPage.php(25): file_get_contents('http://graph.fa...')
#2 /Users/Daria/Documents/MidtermITP/app/routes.php(37): Yelp\Facebook\FacebookPage->getResults()
#3 [internal function]: {closure}('6')
#4 /Users/Daria/Documents/MidtermITP/vendor/laravel/framework/src/Illuminate/Routing/Route.php(105): call_user_func_array(Object(Closure), Array)
#5 /Users/Daria/Documents/MidtermITP/vendor/laravel/framework/src/Illuminate/Routing/Router.php(1000): Illuminate\Routing\Route->run(Object(Illuminate\Http\Request))
#6 /Users/Daria/Documents/MidtermITP/vendor/laravel/framework/src/Illuminate/Routing/Router.php(968): Illuminate\Routing\Router->dispatchToRoute(Object(Illuminate\Http\Request))
#7 /Users/Daria/Documents/MidtermITP/vendor/laravel/framework/src/Illuminate/Foundation/Application.php(738): Illuminate\Routing\Router->dispatch(Object(Illuminate\Http\Request))
#8 /Users/Daria/Documents/MidtermITP/vendor/laravel/framework/src/Illuminate/Foundation/Application.php(708): Illuminate\Foundation\Application->dispatch(Object(Illuminate\Http\Request))
#9 /Users/Daria/Documents/MidtermITP/vendor/laravel/framework/src/Illuminate/Http/FrameGuard.php(38): Illuminate\Foundation\Application->handle(Object(Illuminate\Http\Request), 1, true)
#10 /Users/Daria/Documents/MidtermITP/vendor/laravel/framework/src/Illuminate/Session/Middleware.php(72): Illuminate\Http\FrameGuard->handle(Object(Illuminate\Http\Request), 1, true)
#11 /Users/Daria/Documents/MidtermITP/vendor/laravel/framework/src/Illuminate/Cookie/Queue.php(47): Illuminate\Session\Middleware->handle(Object(Illuminate\Http\Request), 1, true)
#12 /Users/Daria/Documents/MidtermITP/vendor/laravel/framework/src/Illuminate/Cookie/Guard.php(51): Illuminate\Cookie\Queue->handle(Object(Illuminate\Http\Request), 1, true)
#13 /Users/Daria/Documents/MidtermITP/vendor/stack/builder/src/Stack/StackedHttpKernel.php(23): Illuminate\Cookie\Guard->handle(Object(Illuminate\Http\Request), 1, true)
#14 /Users/Daria/Documents/MidtermITP/vendor/laravel/framework/src/Illuminate/Foundation/Application.php(606): Stack\StackedHttpKernel->handle(Object(Illuminate\Http\Request))
#15 /Users/Daria/Documents/MidtermITP/public/index.php(49): Illuminate\Foundation\Application->run()
#16 /Users/Daria/Documents/MidtermITP/server.php(19): require_once('/Users/Daria/Do...')
#17 {main} [] []
[2014-03-12 02:24:32] production.ERROR: exception 'Illuminate\Database\QueryException' with message 'SQLSTATE[42S22]: Column not found: 1054 Unknown column 'review' in 'field list' (SQL: select `restaurant_name`, `type`, `facebook_page`, `review`, `rating`, `restaurants`.`id` from `restaurants` inner join `reviews` on `restaurant_id` = `restaurants`.`id`)' in /Users/Daria/Documents/MidtermITP/vendor/laravel/framework/src/Illuminate/Database/Connection.php:539
Stack trace:
#0 /Users/Daria/Documents/MidtermITP/vendor/laravel/framework/src/Illuminate/Database/Connection.php(283): Illuminate\Database\Connection->run('select `restaur...', Array, Object(Closure))
#1 /Users/Daria/Documents/MidtermITP/vendor/laravel/framework/src/Illuminate/Database/Query/Builder.php(1224): Illuminate\Database\Connection->select('select `restaur...', Array)
#2 /Users/Daria/Documents/MidtermITP/vendor/laravel/framework/src/Illuminate/Database/Query/Builder.php(1214): Illuminate\Database\Query\Builder->runSelect()
#3 /Users/Daria/Documents/MidtermITP/vendor/laravel/framework/src/Illuminate/Database/Query/Builder.php(1201): Illuminate\Database\Query\Builder->getFresh(Array)
#4 /Users/Daria/Documents/MidtermITP/app/models/Yelp.php(11): Illuminate\Database\Query\Builder->get()
#5 /Users/Daria/Documents/MidtermITP/app/routes.php(27): Yelp::listReviews()
#6 [internal function]: {closure}('1')
#7 /Users/Daria/Documents/MidtermITP/vendor/laravel/framework/src/Illuminate/Routing/Route.php(105): call_user_func_array(Object(Closure), Array)
#8 /Users/Daria/Documents/MidtermITP/vendor/laravel/framework/src/Illuminate/Routing/Router.php(1000): Illuminate\Routing\Route->run(Object(Illuminate\Http\Request))
#9 /Users/Daria/Documents/MidtermITP/vendor/laravel/framework/src/Illuminate/Routing/Router.php(968): Illuminate\Routing\Router->dispatchToRoute(Object(Illuminate\Http\Request))
#10 /Users/Daria/Documents/MidtermITP/vendor/laravel/framework/src/Illuminate/Foundation/Application.php(738): Illuminate\Routing\Router->dispatch(Object(Illuminate\Http\Request))
#11 /Users/Daria/Documents/MidtermITP/vendor/laravel/framework/src/Illuminate/Foundation/Application.php(708): Illuminate\Foundation\Application->dispatch(Object(Illuminate\Http\Request))
#12 /Users/Daria/Documents/MidtermITP/vendor/laravel/framework/src/Illuminate/Http/FrameGuard.php(38): Illuminate\Foundation\Application->handle(Object(Illuminate\Http\Request), 1, true)
#13 /Users/Daria/Documents/MidtermITP/vendor/laravel/framework/src/Illuminate/Session/Middleware.php(72): Illuminate\Http\FrameGuard->handle(Object(Illuminate\Http\Request), 1, true)
#14 /Users/Daria/Documents/MidtermITP/vendor/laravel/framework/src/Illuminate/Cookie/Queue.php(47): Illuminate\Session\Middleware->handle(Object(Illuminate\Http\Request), 1, true)
#15 /Users/Daria/Documents/MidtermITP/vendor/laravel/framework/src/Illuminate/Cookie/Guard.php(51): Illuminate\Cookie\Queue->handle(Object(Illuminate\Http\Request), 1, true)
#16 /Users/Daria/Documents/MidtermITP/vendor/stack/builder/src/Stack/StackedHttpKernel.php(23): Illuminate\Cookie\Guard->handle(Object(Illuminate\Http\Request), 1, true)
#17 /Users/Daria/Documents/MidtermITP/vendor/laravel/framework/src/Illuminate/Foundation/Application.php(606): Stack\StackedHttpKernel->handle(Object(Illuminate\Http\Request))
#18 /Users/Daria/Documents/MidtermITP/public/index.php(49): Illuminate\Foundation\Application->run()
#19 /Users/Daria/Documents/MidtermITP/server.php(19): require_once('/Users/Daria/Do...')
#20 {main} [] []
[2014-03-12 02:27:42] production.ERROR: exception 'Illuminate\Database\QueryException' with message 'SQLSTATE[42000]: Syntax error or access violation: 1064 You have an error in your SQL syntax; check the manual that corresponds to your MySQL server version for the right syntax to use near '`reviews` = ?' at line 1 (SQL: select `restaurant_name`, `type`, `facebook_page`, `review_description`, `rating`, `restaurants`.`id` from `restaurants` where restaurants.id `reviews` = restaurant_id)' in /Users/Daria/Documents/MidtermITP/vendor/laravel/framework/src/Illuminate/Database/Connection.php:539
Stack trace:
#0 /Users/Daria/Documents/MidtermITP/vendor/laravel/framework/src/Illuminate/Database/Connection.php(283): Illuminate\Database\Connection->run('select `restaur...', Array, Object(Closure))
#1 /Users/Daria/Documents/MidtermITP/vendor/laravel/framework/src/Illuminate/Database/Query/Builder.php(1224): Illuminate\Database\Connection->select('select `restaur...', Array)
#2 /Users/Daria/Documents/MidtermITP/vendor/laravel/framework/src/Illuminate/Database/Query/Builder.php(1214): Illuminate\Database\Query\Builder->runSelect()
#3 /Users/Daria/Documents/MidtermITP/vendor/laravel/framework/src/Illuminate/Database/Query/Builder.php(1201): Illuminate\Database\Query\Builder->getFresh(Array)
#4 /Users/Daria/Documents/MidtermITP/app/models/Yelp.php(11): Illuminate\Database\Query\Builder->get()
#5 /Users/Daria/Documents/MidtermITP/app/routes.php(27): Yelp::listReviews()
#6 [internal function]: {closure}('1')
#7 /Users/Daria/Documents/MidtermITP/vendor/laravel/framework/src/Illuminate/Routing/Route.php(105): call_user_func_array(Object(Closure), Array)
#8 /Users/Daria/Documents/MidtermITP/vendor/laravel/framework/src/Illuminate/Routing/Router.php(1000): Illuminate\Routing\Route->run(Object(Illuminate\Http\Request))
#9 /Users/Daria/Documents/MidtermITP/vendor/laravel/framework/src/Illuminate/Routing/Router.php(968): Illuminate\Routing\Router->dispatchToRoute(Object(Illuminate\Http\Request))
#10 /Users/Daria/Documents/MidtermITP/vendor/laravel/framework/src/Illuminate/Foundation/Application.php(738): Illuminate\Routing\Router->dispatch(Object(Illuminate\Http\Request))
#11 /Users/Daria/Documents/MidtermITP/vendor/laravel/framework/src/Illuminate/Foundation/Application.php(708): Illuminate\Foundation\Application->dispatch(Object(Illuminate\Http\Request))
#12 /Users/Daria/Documents/MidtermITP/vendor/laravel/framework/src/Illuminate/Http/FrameGuard.php(38): Illuminate\Foundation\Application->handle(Object(Illuminate\Http\Request), 1, true)
#13 /Users/Daria/Documents/MidtermITP/vendor/laravel/framework/src/Illuminate/Session/Middleware.php(72): Illuminate\Http\FrameGuard->handle(Object(Illuminate\Http\Request), 1, true)
#14 /Users/Daria/Documents/MidtermITP/vendor/laravel/framework/src/Illuminate/Cookie/Queue.php(47): Illuminate\Session\Middleware->handle(Object(Illuminate\Http\Request), 1, true)
#15 /Users/Daria/Documents/MidtermITP/vendor/laravel/framework/src/Illuminate/Cookie/Guard.php(51): Illuminate\Cookie\Queue->handle(Object(Illuminate\Http\Request), 1, true)
#16 /Users/Daria/Documents/MidtermITP/vendor/stack/builder/src/Stack/StackedHttpKernel.php(23): Illuminate\Cookie\Guard->handle(Object(Illuminate\Http\Request), 1, true)
#17 /Users/Daria/Documents/MidtermITP/vendor/laravel/framework/src/Illuminate/Foundation/Application.php(606): Stack\StackedHttpKernel->handle(Object(Illuminate\Http\Request))
#18 /Users/Daria/Documents/MidtermITP/public/index.php(49): Illuminate\Foundation\Application->run()
#19 /Users/Daria/Documents/MidtermITP/server.php(19): require_once('/Users/Daria/Do...')
#20 {main} [] []
[2014-03-12 02:35:09] production.ERROR: exception 'Illuminate\Database\QueryException' with message 'SQLSTATE[42S22]: Column not found: 1054 Unknown column 'review_description' in 'field list' (SQL: select `restaurant_name`, `type`, `facebook_page`, `review_description`, `rating`, `restaurants`.`id` from `restaurants`)' in /Users/Daria/Documents/MidtermITP/vendor/laravel/framework/src/Illuminate/Database/Connection.php:539
Stack trace:
#0 /Users/Daria/Documents/MidtermITP/vendor/laravel/framework/src/Illuminate/Database/Connection.php(283): Illuminate\Database\Connection->run('select `restaur...', Array, Object(Closure))
#1 /Users/Daria/Documents/MidtermITP/vendor/laravel/framework/src/Illuminate/Database/Query/Builder.php(1224): Illuminate\Database\Connection->select('select `restaur...', Array)
#2 /Users/Daria/Documents/MidtermITP/vendor/laravel/framework/src/Illuminate/Database/Query/Builder.php(1214): Illuminate\Database\Query\Builder->runSelect()
#3 /Users/Daria/Documents/MidtermITP/vendor/laravel/framework/src/Illuminate/Database/Query/Builder.php(1201): Illuminate\Database\Query\Builder->getFresh(Array)
#4 /Users/Daria/Documents/MidtermITP/app/models/Yelp.php(11): Illuminate\Database\Query\Builder->get()
#5 /Users/Daria/Documents/MidtermITP/app/routes.php(27): Yelp::listReviews()
#6 [internal function]: {closure}('1')
#7 /Users/Daria/Documents/MidtermITP/vendor/laravel/framework/src/Illuminate/Routing/Route.php(105): call_user_func_array(Object(Closure), Array)
#8 /Users/Daria/Documents/MidtermITP/vendor/laravel/framework/src/Illuminate/Routing/Router.php(1000): Illuminate\Routing\Route->run(Object(Illuminate\Http\Request))
#9 /Users/Daria/Documents/MidtermITP/vendor/laravel/framework/src/Illuminate/Routing/Router.php(968): Illuminate\Routing\Router->dispatchToRoute(Object(Illuminate\Http\Request))
#10 /Users/Daria/Documents/MidtermITP/vendor/laravel/framework/src/Illuminate/Foundation/Application.php(738): Illuminate\Routing\Router->dispatch(Object(Illuminate\Http\Request))
#11 /Users/Daria/Documents/MidtermITP/vendor/laravel/framework/src/Illuminate/Foundation/Application.php(708): Illuminate\Foundation\Application->dispatch(Object(Illuminate\Http\Request))
#12 /Users/Daria/Documents/MidtermITP/vendor/laravel/framework/src/Illuminate/Http/FrameGuard.php(38): Illuminate\Foundation\Application->handle(Object(Illuminate\Http\Request), 1, true)
#13 /Users/Daria/Documents/MidtermITP/vendor/laravel/framework/src/Illuminate/Session/Middleware.php(72): Illuminate\Http\FrameGuard->handle(Object(Illuminate\Http\Request), 1, true)
#14 /Users/Daria/Documents/MidtermITP/vendor/laravel/framework/src/Illuminate/Cookie/Queue.php(47): Illuminate\Session\Middleware->handle(Object(Illuminate\Http\Request), 1, true)
#15 /Users/Daria/Documents/MidtermITP/vendor/laravel/framework/src/Illuminate/Cookie/Guard.php(51): Illuminate\Cookie\Queue->handle(Object(Illuminate\Http\Request), 1, true)
#16 /Users/Daria/Documents/MidtermITP/vendor/stack/builder/src/Stack/StackedHttpKernel.php(23): Illuminate\Cookie\Guard->handle(Object(Illuminate\Http\Request), 1, true)
#17 /Users/Daria/Documents/MidtermITP/vendor/laravel/framework/src/Illuminate/Foundation/Application.php(606): Stack\StackedHttpKernel->handle(Object(Illuminate\Http\Request))
#18 /Users/Daria/Documents/MidtermITP/public/index.php(49): Illuminate\Foundation\Application->run()
#19 /Users/Daria/Documents/MidtermITP/server.php(19): require_once('/Users/Daria/Do...')
#20 {main} [] []
[2014-03-12 02:35:16] production.ERROR: exception 'Symfony\Component\Debug\Exception\FatalErrorException' with message 'syntax error, unexpected '->' (T_OBJECT_OPERATOR)' in /Users/Daria/Documents/MidtermITP/app/models/Yelp.php:9
Stack trace:
#0 [internal function]: Illuminate\Exception\Handler->handleShutdown()
#1 {main} [] []
[2014-03-12 02:36:21] production.ERROR: exception 'Illuminate\Database\QueryException' with message 'SQLSTATE[42S22]: Column not found: 1054 Unknown column 'review_description' in 'field list' (SQL: select `restaurant_name`, `type`, `facebook_page`, `review_description`, `rating`, `restaurants`.`id` from `restaurants`)' in /Users/Daria/Documents/MidtermITP/vendor/laravel/framework/src/Illuminate/Database/Connection.php:539
Stack trace:
#0 /Users/Daria/Documents/MidtermITP/vendor/laravel/framework/src/Illuminate/Database/Connection.php(283): Illuminate\Database\Connection->run('select `restaur...', Array, Object(Closure))
#1 /Users/Daria/Documents/MidtermITP/vendor/laravel/framework/src/Illuminate/Database/Query/Builder.php(1224): Illuminate\Database\Connection->select('select `restaur...', Array)
#2 /Users/Daria/Documents/MidtermITP/vendor/laravel/framework/src/Illuminate/Database/Query/Builder.php(1214): Illuminate\Database\Query\Builder->runSelect()
#3 /Users/Daria/Documents/MidtermITP/vendor/laravel/framework/src/Illuminate/Database/Query/Builder.php(1201): Illuminate\Database\Query\Builder->getFresh(Array)
#4 /Users/Daria/Documents/MidtermITP/app/models/Yelp.php(12): Illuminate\Database\Query\Builder->get()
#5 /Users/Daria/Documents/MidtermITP/app/routes.php(27): Yelp::listReviews()
#6 [internal function]: {closure}('1')
#7 /Users/Daria/Documents/MidtermITP/vendor/laravel/framework/src/Illuminate/Routing/Route.php(105): call_user_func_array(Object(Closure), Array)
#8 /Users/Daria/Documents/MidtermITP/vendor/laravel/framework/src/Illuminate/Routing/Router.php(1000): Illuminate\Routing\Route->run(Object(Illuminate\Http\Request))
#9 /Users/Daria/Documents/MidtermITP/vendor/laravel/framework/src/Illuminate/Routing/Router.php(968): Illuminate\Routing\Router->dispatchToRoute(Object(Illuminate\Http\Request))
#10 /Users/Daria/Documents/MidtermITP/vendor/laravel/framework/src/Illuminate/Foundation/Application.php(738): Illuminate\Routing\Router->dispatch(Object(Illuminate\Http\Request))
#11 /Users/Daria/Documents/MidtermITP/vendor/laravel/framework/src/Illuminate/Foundation/Application.php(708): Illuminate\Foundation\Application->dispatch(Object(Illuminate\Http\Request))
#12 /Users/Daria/Documents/MidtermITP/vendor/laravel/framework/src/Illuminate/Http/FrameGuard.php(38): Illuminate\Foundation\Application->handle(Object(Illuminate\Http\Request), 1, true)
#13 /Users/Daria/Documents/MidtermITP/vendor/laravel/framework/src/Illuminate/Session/Middleware.php(72): Illuminate\Http\FrameGuard->handle(Object(Illuminate\Http\Request), 1, true)
#14 /Users/Daria/Documents/MidtermITP/vendor/laravel/framework/src/Illuminate/Cookie/Queue.php(47): Illuminate\Session\Middleware->handle(Object(Illuminate\Http\Request), 1, true)
#15 /Users/Daria/Documents/MidtermITP/vendor/laravel/framework/src/Illuminate/Cookie/Guard.php(51): Illuminate\Cookie\Queue->handle(Object(Illuminate\Http\Request), 1, true)
#16 /Users/Daria/Documents/MidtermITP/vendor/stack/builder/src/Stack/StackedHttpKernel.php(23): Illuminate\Cookie\Guard->handle(Object(Illuminate\Http\Request), 1, true)
#17 /Users/Daria/Documents/MidtermITP/vendor/laravel/framework/src/Illuminate/Foundation/Application.php(606): Stack\StackedHttpKernel->handle(Object(Illuminate\Http\Request))
#18 /Users/Daria/Documents/MidtermITP/public/index.php(49): Illuminate\Foundation\Application->run()
#19 /Users/Daria/Documents/MidtermITP/server.php(19): require_once('/Users/Daria/Do...')
#20 {main} [] []
[2014-03-12 02:36:50] production.ERROR: exception 'Symfony\Component\Debug\Exception\FatalErrorException' with message 'syntax error, unexpected '->' (T_OBJECT_OPERATOR)' in /Users/Daria/Documents/MidtermITP/app/models/Yelp.php:9
Stack trace:
#0 [internal function]: Illuminate\Exception\Handler->handleShutdown()
#1 {main} [] []
[2014-03-12 02:39:07] production.ERROR: exception 'Illuminate\Database\QueryException' with message 'SQLSTATE[42S22]: Column not found: 1054 Unknown column 'reviews.review_description' in 'field list' (SQL: select `restaurant_name`, `type`, `facebook_page`, `reviews`.`review_description`, `reviews`.`restaurant_id`, `rating`, `restaurants`.`id` from `restaurants`)' in /Users/Daria/Documents/MidtermITP/vendor/laravel/framework/src/Illuminate/Database/Connection.php:539
Stack trace:
#0 /Users/Daria/Documents/MidtermITP/vendor/laravel/framework/src/Illuminate/Database/Connection.php(283): Illuminate\Database\Connection->run('select `restaur...', Array, Object(Closure))
#1 /Users/Daria/Documents/MidtermITP/vendor/laravel/framework/src/Illuminate/Database/Query/Builder.php(1224): Illuminate\Database\Connection->select('select `restaur...', Array)
#2 /Users/Daria/Documents/MidtermITP/vendor/laravel/framework/src/Illuminate/Database/Query/Builder.php(1214): Illuminate\Database\Query\Builder->runSelect()
#3 /Users/Daria/Documents/MidtermITP/vendor/laravel/framework/src/Illuminate/Database/Query/Builder.php(1201): Illuminate\Database\Query\Builder->getFresh(Array)
#4 /Users/Daria/Documents/MidtermITP/app/models/Yelp.php(11): Illuminate\Database\Query\Builder->get()
#5 /Users/Daria/Documents/MidtermITP/app/routes.php(27): Yelp::listReviews()
#6 [internal function]: {closure}('1')
#7 /Users/Daria/Documents/MidtermITP/vendor/laravel/framework/src/Illuminate/Routing/Route.php(105): call_user_func_array(Object(Closure), Array)
#8 /Users/Daria/Documents/MidtermITP/vendor/laravel/framework/src/Illuminate/Routing/Router.php(1000): Illuminate\Routing\Route->run(Object(Illuminate\Http\Request))
#9 /Users/Daria/Documents/MidtermITP/vendor/laravel/framework/src/Illuminate/Routing/Router.php(968): Illuminate\Routing\Router->dispatchToRoute(Object(Illuminate\Http\Request))
#10 /Users/Daria/Documents/MidtermITP/vendor/laravel/framework/src/Illuminate/Foundation/Application.php(738): Illuminate\Routing\Router->dispatch(Object(Illuminate\Http\Request))
#11 /Users/Daria/Documents/MidtermITP/vendor/laravel/framework/src/Illuminate/Foundation/Application.php(708): Illuminate\Foundation\Application->dispatch(Object(Illuminate\Http\Request))
#12 /Users/Daria/Documents/MidtermITP/vendor/laravel/framework/src/Illuminate/Http/FrameGuard.php(38): Illuminate\Foundation\Application->handle(Object(Illuminate\Http\Request), 1, true)
#13 /Users/Daria/Documents/MidtermITP/vendor/laravel/framework/src/Illuminate/Session/Middleware.php(72): Illuminate\Http\FrameGuard->handle(Object(Illuminate\Http\Request), 1, true)
#14 /Users/Daria/Documents/MidtermITP/vendor/laravel/framework/src/Illuminate/Cookie/Queue.php(47): Illuminate\Session\Middleware->handle(Object(Illuminate\Http\Request), 1, true)
#15 /Users/Daria/Documents/MidtermITP/vendor/laravel/framework/src/Illuminate/Cookie/Guard.php(51): Illuminate\Cookie\Queue->handle(Object(Illuminate\Http\Request), 1, true)
#16 /Users/Daria/Documents/MidtermITP/vendor/stack/builder/src/Stack/StackedHttpKernel.php(23): Illuminate\Cookie\Guard->handle(Object(Illuminate\Http\Request), 1, true)
#17 /Users/Daria/Documents/MidtermITP/vendor/laravel/framework/src/Illuminate/Foundation/Application.php(606): Stack\StackedHttpKernel->handle(Object(Illuminate\Http\Request))
#18 /Users/Daria/Documents/MidtermITP/public/index.php(49): Illuminate\Foundation\Application->run()
#19 /Users/Daria/Documents/MidtermITP/server.php(19): require_once('/Users/Daria/Do...')
#20 {main} [] []
[2014-03-12 02:39:40] production.ERROR: exception 'Illuminate\Database\QueryException' with message 'SQLSTATE[42S22]: Column not found: 1054 Unknown column 'reviews.review_description' in 'field list' (SQL: select `restaurant_name`, `type`, `facebook_page`, `reviews`.`review_description`, `reviews`.`restaurant_id`, `rating`, `restaurants`.`id` from `restaurants`)' in /Users/Daria/Documents/MidtermITP/vendor/laravel/framework/src/Illuminate/Database/Connection.php:539
Stack trace:
#0 /Users/Daria/Documents/MidtermITP/vendor/laravel/framework/src/Illuminate/Database/Connection.php(283): Illuminate\Database\Connection->run('select `restaur...', Array, Object(Closure))
#1 /Users/Daria/Documents/MidtermITP/vendor/laravel/framework/src/Illuminate/Database/Query/Builder.php(1224): Illuminate\Database\Connection->select('select `restaur...', Array)
#2 /Users/Daria/Documents/MidtermITP/vendor/laravel/framework/src/Illuminate/Database/Query/Builder.php(1214): Illuminate\Database\Query\Builder->runSelect()
#3 /Users/Daria/Documents/MidtermITP/vendor/laravel/framework/src/Illuminate/Database/Query/Builder.php(1201): Illuminate\Database\Query\Builder->getFresh(Array)
#4 /Users/Daria/Documents/MidtermITP/app/models/Yelp.php(11): Illuminate\Database\Query\Builder->get()
#5 /Users/Daria/Documents/MidtermITP/app/routes.php(17): Yelp::listReviews()
#6 [internal function]: {closure}()
#7 /Users/Daria/Documents/MidtermITP/vendor/laravel/framework/src/Illuminate/Routing/Route.php(105): call_user_func_array(Object(Closure), Array)
#8 /Users/Daria/Documents/MidtermITP/vendor/laravel/framework/src/Illuminate/Routing/Router.php(1000): Illuminate\Routing\Route->run(Object(Illuminate\Http\Request))
#9 /Users/Daria/Documents/MidtermITP/vendor/laravel/framework/src/Illuminate/Routing/Router.php(968): Illuminate\Routing\Router->dispatchToRoute(Object(Illuminate\Http\Request))
#10 /Users/Daria/Documents/MidtermITP/vendor/laravel/framework/src/Illuminate/Foundation/Application.php(738): Illuminate\Routing\Router->dispatch(Object(Illuminate\Http\Request))
#11 /Users/Daria/Documents/MidtermITP/vendor/laravel/framework/src/Illuminate/Foundation/Application.php(708): Illuminate\Foundation\Application->dispatch(Object(Illuminate\Http\Request))
#12 /Users/Daria/Documents/MidtermITP/vendor/laravel/framework/src/Illuminate/Http/FrameGuard.php(38): Illuminate\Foundation\Application->handle(Object(Illuminate\Http\Request), 1, true)
#13 /Users/Daria/Documents/MidtermITP/vendor/laravel/framework/src/Illuminate/Session/Middleware.php(72): Illuminate\Http\FrameGuard->handle(Object(Illuminate\Http\Request), 1, true)
#14 /Users/Daria/Documents/MidtermITP/vendor/laravel/framework/src/Illuminate/Cookie/Queue.php(47): Illuminate\Session\Middleware->handle(Object(Illuminate\Http\Request), 1, true)
#15 /Users/Daria/Documents/MidtermITP/vendor/laravel/framework/src/Illuminate/Cookie/Guard.php(51): Illuminate\Cookie\Queue->handle(Object(Illuminate\Http\Request), 1, true)
#16 /Users/Daria/Documents/MidtermITP/vendor/stack/builder/src/Stack/StackedHttpKernel.php(23): Illuminate\Cookie\Guard->handle(Object(Illuminate\Http\Request), 1, true)
#17 /Users/Daria/Documents/MidtermITP/vendor/laravel/framework/src/Illuminate/Foundation/Application.php(606): Stack\StackedHttpKernel->handle(Object(Illuminate\Http\Request))
#18 /Users/Daria/Documents/MidtermITP/public/index.php(49): Illuminate\Foundation\Application->run()
#19 /Users/Daria/Documents/MidtermITP/server.php(19): require_once('/Users/Daria/Do...')
#20 {main} [] []
[2014-03-12 02:39:58] production.ERROR: exception 'Illuminate\Database\QueryException' with message 'SQLSTATE[42S22]: Column not found: 1054 Unknown column 'reviews.review_description' in 'field list' (SQL: select `restaurant_name`, `type`, `facebook_page`, `reviews`.`review_description`, `reviews`.`restaurant_id`, `rating`, `restaurants`.`id` from `restaurants`)' in /Users/Daria/Documents/MidtermITP/vendor/laravel/framework/src/Illuminate/Database/Connection.php:539
Stack trace:
#0 /Users/Daria/Documents/MidtermITP/vendor/laravel/framework/src/Illuminate/Database/Connection.php(283): Illuminate\Database\Connection->run('select `restaur...', Array, Object(Closure))
#1 /Users/Daria/Documents/MidtermITP/vendor/laravel/framework/src/Illuminate/Database/Query/Builder.php(1224): Illuminate\Database\Connection->select('select `restaur...', Array)
#2 /Users/Daria/Documents/MidtermITP/vendor/laravel/framework/src/Illuminate/Database/Query/Builder.php(1214): Illuminate\Database\Query\Builder->runSelect()
#3 /Users/Daria/Documents/MidtermITP/vendor/laravel/framework/src/Illuminate/Database/Query/Builder.php(1201): Illuminate\Database\Query\Builder->getFresh(Array)
#4 /Users/Daria/Documents/MidtermITP/app/models/Yelp.php(11): Illuminate\Database\Query\Builder->get()
#5 /Users/Daria/Documents/MidtermITP/app/routes.php(17): Yelp::listReviews()
#6 [internal function]: {closure}()
#7 /Users/Daria/Documents/MidtermITP/vendor/laravel/framework/src/Illuminate/Routing/Route.php(105): call_user_func_array(Object(Closure), Array)
#8 /Users/Daria/Documents/MidtermITP/vendor/laravel/framework/src/Illuminate/Routing/Router.php(1000): Illuminate\Routing\Route->run(Object(Illuminate\Http\Request))
#9 /Users/Daria/Documents/MidtermITP/vendor/laravel/framework/src/Illuminate/Routing/Router.php(968): Illuminate\Routing\Router->dispatchToRoute(Object(Illuminate\Http\Request))
#10 /Users/Daria/Documents/MidtermITP/vendor/laravel/framework/src/Illuminate/Foundation/Application.php(738): Illuminate\Routing\Router->dispatch(Object(Illuminate\Http\Request))
#11 /Users/Daria/Documents/MidtermITP/vendor/laravel/framework/src/Illuminate/Foundation/Application.php(708): Illuminate\Foundation\Application->dispatch(Object(Illuminate\Http\Request))
#12 /Users/Daria/Documents/MidtermITP/vendor/laravel/framework/src/Illuminate/Http/FrameGuard.php(38): Illuminate\Foundation\Application->handle(Object(Illuminate\Http\Request), 1, true)
#13 /Users/Daria/Documents/MidtermITP/vendor/laravel/framework/src/Illuminate/Session/Middleware.php(72): Illuminate\Http\FrameGuard->handle(Object(Illuminate\Http\Request), 1, true)
#14 /Users/Daria/Documents/MidtermITP/vendor/laravel/framework/src/Illuminate/Cookie/Queue.php(47): Illuminate\Session\Middleware->handle(Object(Illuminate\Http\Request), 1, true)
#15 /Users/Daria/Documents/MidtermITP/vendor/laravel/framework/src/Illuminate/Cookie/Guard.php(51): Illuminate\Cookie\Queue->handle(Object(Illuminate\Http\Request), 1, true)
#16 /Users/Daria/Documents/MidtermITP/vendor/stack/builder/src/Stack/StackedHttpKernel.php(23): Illuminate\Cookie\Guard->handle(Object(Illuminate\Http\Request), 1, true)
#17 /Users/Daria/Documents/MidtermITP/vendor/laravel/framework/src/Illuminate/Foundation/Application.php(606): Stack\StackedHttpKernel->handle(Object(Illuminate\Http\Request))
#18 /Users/Daria/Documents/MidtermITP/public/index.php(49): Illuminate\Foundation\Application->run()
#19 /Users/Daria/Documents/MidtermITP/server.php(19): require_once('/Users/Daria/Do...')
#20 {main} [] []
[2014-03-12 02:40:06] production.ERROR: exception 'Illuminate\Database\QueryException' with message 'SQLSTATE[42S22]: Column not found: 1054 Unknown column 'reviews.review_description' in 'field list' (SQL: select `restaurant_name`, `type`, `facebook_page`, `reviews`.`review_description`, `reviews`.`restaurant_id`, `rating`, `restaurants`.`id` from `restaurants`)' in /Users/Daria/Documents/MidtermITP/vendor/laravel/framework/src/Illuminate/Database/Connection.php:539
Stack trace:
#0 /Users/Daria/Documents/MidtermITP/vendor/laravel/framework/src/Illuminate/Database/Connection.php(283): Illuminate\Database\Connection->run('select `restaur...', Array, Object(Closure))
#1 /Users/Daria/Documents/MidtermITP/vendor/laravel/framework/src/Illuminate/Database/Query/Builder.php(1224): Illuminate\Database\Connection->select('select `restaur...', Array)
#2 /Users/Daria/Documents/MidtermITP/vendor/laravel/framework/src/Illuminate/Database/Query/Builder.php(1214): Illuminate\Database\Query\Builder->runSelect()
#3 /Users/Daria/Documents/MidtermITP/vendor/laravel/framework/src/Illuminate/Database/Query/Builder.php(1201): Illuminate\Database\Query\Builder->getFresh(Array)
#4 /Users/Daria/Documents/MidtermITP/app/models/Yelp.php(11): Illuminate\Database\Query\Builder->get()
#5 /Users/Daria/Documents/MidtermITP/app/routes.php(17): Yelp::listReviews()
#6 [internal function]: {closure}()
#7 /Users/Daria/Documents/MidtermITP/vendor/laravel/framework/src/Illuminate/Routing/Route.php(105): call_user_func_array(Object(Closure), Array)
#8 /Users/Daria/Documents/MidtermITP/vendor/laravel/framework/src/Illuminate/Routing/Router.php(1000): Illuminate\Routing\Route->run(Object(Illuminate\Http\Request))
#9 /Users/Daria/Documents/MidtermITP/vendor/laravel/framework/src/Illuminate/Routing/Router.php(968): Illuminate\Routing\Router->dispatchToRoute(Object(Illuminate\Http\Request))
#10 /Users/Daria/Documents/MidtermITP/vendor/laravel/framework/src/Illuminate/Foundation/Application.php(738): Illuminate\Routing\Router->dispatch(Object(Illuminate\Http\Request))
#11 /Users/Daria/Documents/MidtermITP/vendor/laravel/framework/src/Illuminate/Foundation/Application.php(708): Illuminate\Foundation\Application->dispatch(Object(Illuminate\Http\Request))
#12 /Users/Daria/Documents/MidtermITP/vendor/laravel/framework/src/Illuminate/Http/FrameGuard.php(38): Illuminate\Foundation\Application->handle(Object(Illuminate\Http\Request), 1, true)
#13 /Users/Daria/Documents/MidtermITP/vendor/laravel/framework/src/Illuminate/Session/Middleware.php(72): Illuminate\Http\FrameGuard->handle(Object(Illuminate\Http\Request), 1, true)
#14 /Users/Daria/Documents/MidtermITP/vendor/laravel/framework/src/Illuminate/Cookie/Queue.php(47): Illuminate\Session\Middleware->handle(Object(Illuminate\Http\Request), 1, true)
#15 /Users/Daria/Documents/MidtermITP/vendor/laravel/framework/src/Illuminate/Cookie/Guard.php(51): Illuminate\Cookie\Queue->handle(Object(Illuminate\Http\Request), 1, true)
#16 /Users/Daria/Documents/MidtermITP/vendor/stack/builder/src/Stack/StackedHttpKernel.php(23): Illuminate\Cookie\Guard->handle(Object(Illuminate\Http\Request), 1, true)
#17 /Users/Daria/Documents/MidtermITP/vendor/laravel/framework/src/Illuminate/Foundation/Application.php(606): Stack\StackedHttpKernel->handle(Object(Illuminate\Http\Request))
#18 /Users/Daria/Documents/MidtermITP/public/index.php(49): Illuminate\Foundation\Application->run()
#19 /Users/Daria/Documents/MidtermITP/server.php(19): require_once('/Users/Daria/Do...')
#20 {main} [] []
[2014-03-12 02:40:34] production.ERROR: exception 'Illuminate\Database\QueryException' with message 'SQLSTATE[42S22]: Column not found: 1054 Unknown column 'reviews.review_description' in 'field list' (SQL: select `restaurant_name`, `type`, `facebook_page`, `reviews`.`review_description`, `reviews`.`restaurant_id`, `rating`, `restaurants`.`id` from `restaurants`)' in /Users/Daria/Documents/MidtermITP/vendor/laravel/framework/src/Illuminate/Database/Connection.php:539
Stack trace:
#0 /Users/Daria/Documents/MidtermITP/vendor/laravel/framework/src/Illuminate/Database/Connection.php(283): Illuminate\Database\Connection->run('select `restaur...', Array, Object(Closure))
#1 /Users/Daria/Documents/MidtermITP/vendor/laravel/framework/src/Illuminate/Database/Query/Builder.php(1224): Illuminate\Database\Connection->select('select `restaur...', Array)
#2 /Users/Daria/Documents/MidtermITP/vendor/laravel/framework/src/Illuminate/Database/Query/Builder.php(1214): Illuminate\Database\Query\Builder->runSelect()
#3 /Users/Daria/Documents/MidtermITP/vendor/laravel/framework/src/Illuminate/Database/Query/Builder.php(1201): Illuminate\Database\Query\Builder->getFresh(Array)
#4 /Users/Daria/Documents/MidtermITP/app/models/Yelp.php(11): Illuminate\Database\Query\Builder->get()
#5 /Users/Daria/Documents/MidtermITP/app/routes.php(17): Yelp::listReviews()
#6 [internal function]: {closure}()
#7 /Users/Daria/Documents/MidtermITP/vendor/laravel/framework/src/Illuminate/Routing/Route.php(105): call_user_func_array(Object(Closure), Array)
#8 /Users/Daria/Documents/MidtermITP/vendor/laravel/framework/src/Illuminate/Routing/Router.php(1000): Illuminate\Routing\Route->run(Object(Illuminate\Http\Request))
#9 /Users/Daria/Documents/MidtermITP/vendor/laravel/framework/src/Illuminate/Routing/Router.php(968): Illuminate\Routing\Router->dispatchToRoute(Object(Illuminate\Http\Request))
#10 /Users/Daria/Documents/MidtermITP/vendor/laravel/framework/src/Illuminate/Foundation/Application.php(738): Illuminate\Routing\Router->dispatch(Object(Illuminate\Http\Request))
#11 /Users/Daria/Documents/MidtermITP/vendor/laravel/framework/src/Illuminate/Foundation/Application.php(708): Illuminate\Foundation\Application->dispatch(Object(Illuminate\Http\Request))
#12 /Users/Daria/Documents/MidtermITP/vendor/laravel/framework/src/Illuminate/Http/FrameGuard.php(38): Illuminate\Foundation\Application->handle(Object(Illuminate\Http\Request), 1, true)
#13 /Users/Daria/Documents/MidtermITP/vendor/laravel/framework/src/Illuminate/Session/Middleware.php(72): Illuminate\Http\FrameGuard->handle(Object(Illuminate\Http\Request), 1, true)
#14 /Users/Daria/Documents/MidtermITP/vendor/laravel/framework/src/Illuminate/Cookie/Queue.php(47): Illuminate\Session\Middleware->handle(Object(Illuminate\Http\Request), 1, true)
#15 /Users/Daria/Documents/MidtermITP/vendor/laravel/framework/src/Illuminate/Cookie/Guard.php(51): Illuminate\Cookie\Queue->handle(Object(Illuminate\Http\Request), 1, true)
#16 /Users/Daria/Documents/MidtermITP/vendor/stack/builder/src/Stack/StackedHttpKernel.php(23): Illuminate\Cookie\Guard->handle(Object(Illuminate\Http\Request), 1, true)
#17 /Users/Daria/Documents/MidtermITP/vendor/laravel/framework/src/Illuminate/Foundation/Application.php(606): Stack\StackedHttpKernel->handle(Object(Illuminate\Http\Request))
#18 /Users/Daria/Documents/MidtermITP/public/index.php(49): Illuminate\Foundation\Application->run()
#19 /Users/Daria/Documents/MidtermITP/server.php(19): require_once('/Users/Daria/Do...')
#20 {main} [] []
[2014-03-12 02:40:52] production.ERROR: exception 'Illuminate\Database\QueryException' with message 'SQLSTATE[42S22]: Column not found: 1054 Unknown column 'reviews.review_description' in 'field list' (SQL: select `restaurant_name`, `type`, `facebook_page`, `reviews`.`review_description`, `reviews`.`restaurant_id`, `rating`, `restaurants`.`id` from `restaurants`)' in /Users/Daria/Documents/MidtermITP/vendor/laravel/framework/src/Illuminate/Database/Connection.php:539
Stack trace:
#0 /Users/Daria/Documents/MidtermITP/vendor/laravel/framework/src/Illuminate/Database/Connection.php(283): Illuminate\Database\Connection->run('select `restaur...', Array, Object(Closure))
#1 /Users/Daria/Documents/MidtermITP/vendor/laravel/framework/src/Illuminate/Database/Query/Builder.php(1224): Illuminate\Database\Connection->select('select `restaur...', Array)
#2 /Users/Daria/Documents/MidtermITP/vendor/laravel/framework/src/Illuminate/Database/Query/Builder.php(1214): Illuminate\Database\Query\Builder->runSelect()
#3 /Users/Daria/Documents/MidtermITP/vendor/laravel/framework/src/Illuminate/Database/Query/Builder.php(1201): Illuminate\Database\Query\Builder->getFresh(Array)
#4 /Users/Daria/Documents/MidtermITP/app/models/Yelp.php(11): Illuminate\Database\Query\Builder->get()
#5 /Users/Daria/Documents/MidtermITP/app/routes.php(17): Yelp::listReviews()
#6 [internal function]: {closure}()
#7 /Users/Daria/Documents/MidtermITP/vendor/laravel/framework/src/Illuminate/Routing/Route.php(105): call_user_func_array(Object(Closure), Array)
#8 /Users/Daria/Documents/MidtermITP/vendor/laravel/framework/src/Illuminate/Routing/Router.php(1000): Illuminate\Routing\Route->run(Object(Illuminate\Http\Request))
#9 /Users/Daria/Documents/MidtermITP/vendor/laravel/framework/src/Illuminate/Routing/Router.php(968): Illuminate\Routing\Router->dispatchToRoute(Object(Illuminate\Http\Request))
#10 /Users/Daria/Documents/MidtermITP/vendor/laravel/framework/src/Illuminate/Foundation/Application.php(738): Illuminate\Routing\Router->dispatch(Object(Illuminate\Http\Request))
#11 /Users/Daria/Documents/MidtermITP/vendor/laravel/framework/src/Illuminate/Foundation/Application.php(708): Illuminate\Foundation\Application->dispatch(Object(Illuminate\Http\Request))
#12 /Users/Daria/Documents/MidtermITP/vendor/laravel/framework/src/Illuminate/Http/FrameGuard.php(38): Illuminate\Foundation\Application->handle(Object(Illuminate\Http\Request), 1, true)
#13 /Users/Daria/Documents/MidtermITP/vendor/laravel/framework/src/Illuminate/Session/Middleware.php(72): Illuminate\Http\FrameGuard->handle(Object(Illuminate\Http\Request), 1, true)
#14 /Users/Daria/Documents/MidtermITP/vendor/laravel/framework/src/Illuminate/Cookie/Queue.php(47): Illuminate\Session\Middleware->handle(Object(Illuminate\Http\Request), 1, true)
#15 /Users/Daria/Documents/MidtermITP/vendor/laravel/framework/src/Illuminate/Cookie/Guard.php(51): Illuminate\Cookie\Queue->handle(Object(Illuminate\Http\Request), 1, true)
#16 /Users/Daria/Documents/MidtermITP/vendor/stack/builder/src/Stack/StackedHttpKernel.php(23): Illuminate\Cookie\Guard->handle(Object(Illuminate\Http\Request), 1, true)
#17 /Users/Daria/Documents/MidtermITP/vendor/laravel/framework/src/Illuminate/Foundation/Application.php(606): Stack\StackedHttpKernel->handle(Object(Illuminate\Http\Request))
#18 /Users/Daria/Documents/MidtermITP/public/index.php(49): Illuminate\Foundation\Application->run()
#19 /Users/Daria/Documents/MidtermITP/server.php(19): require_once('/Users/Daria/Do...')
#20 {main} [] []
[2014-03-12 02:41:02] production.ERROR: exception 'Illuminate\Database\QueryException' with message 'SQLSTATE[42S22]: Column not found: 1054 Unknown column 'reviews.review_description' in 'field list' (SQL: select `restaurant_name`, `type`, `facebook_page`, `reviews`.`review_description`, `reviews`.`restaurant_id`, `rating`, `restaurants`.`id` from `restaurants`)' in /Users/Daria/Documents/MidtermITP/vendor/laravel/framework/src/Illuminate/Database/Connection.php:539
Stack trace:
#0 /Users/Daria/Documents/MidtermITP/vendor/laravel/framework/src/Illuminate/Database/Connection.php(283): Illuminate\Database\Connection->run('select `restaur...', Array, Object(Closure))
#1 /Users/Daria/Documents/MidtermITP/vendor/laravel/framework/src/Illuminate/Database/Query/Builder.php(1224): Illuminate\Database\Connection->select('select `restaur...', Array)
#2 /Users/Daria/Documents/MidtermITP/vendor/laravel/framework/src/Illuminate/Database/Query/Builder.php(1214): Illuminate\Database\Query\Builder->runSelect()
#3 /Users/Daria/Documents/MidtermITP/vendor/laravel/framework/src/Illuminate/Database/Query/Builder.php(1201): Illuminate\Database\Query\Builder->getFresh(Array)
#4 /Users/Daria/Documents/MidtermITP/app/models/Yelp.php(11): Illuminate\Database\Query\Builder->get()
#5 /Users/Daria/Documents/MidtermITP/app/routes.php(17): Yelp::listReviews()
#6 [internal function]: {closure}()
#7 /Users/Daria/Documents/MidtermITP/vendor/laravel/framework/src/Illuminate/Routing/Route.php(105): call_user_func_array(Object(Closure), Array)
#8 /Users/Daria/Documents/MidtermITP/vendor/laravel/framework/src/Illuminate/Routing/Router.php(1000): Illuminate\Routing\Route->run(Object(Illuminate\Http\Request))
#9 /Users/Daria/Documents/MidtermITP/vendor/laravel/framework/src/Illuminate/Routing/Router.php(968): Illuminate\Routing\Router->dispatchToRoute(Object(Illuminate\Http\Request))
#10 /Users/Daria/Documents/MidtermITP/vendor/laravel/framework/src/Illuminate/Foundation/Application.php(738): Illuminate\Routing\Router->dispatch(Object(Illuminate\Http\Request))
#11 /Users/Daria/Documents/MidtermITP/vendor/laravel/framework/src/Illuminate/Foundation/Application.php(708): Illuminate\Foundation\Application->dispatch(Object(Illuminate\Http\Request))
#12 /Users/Daria/Documents/MidtermITP/vendor/laravel/framework/src/Illuminate/Http/FrameGuard.php(38): Illuminate\Foundation\Application->handle(Object(Illuminate\Http\Request), 1, true)
#13 /Users/Daria/Documents/MidtermITP/vendor/laravel/framework/src/Illuminate/Session/Middleware.php(72): Illuminate\Http\FrameGuard->handle(Object(Illuminate\Http\Request), 1, true)
#14 /Users/Daria/Documents/MidtermITP/vendor/laravel/framework/src/Illuminate/Cookie/Queue.php(47): Illuminate\Session\Middleware->handle(Object(Illuminate\Http\Request), 1, true)
#15 /Users/Daria/Documents/MidtermITP/vendor/laravel/framework/src/Illuminate/Cookie/Guard.php(51): Illuminate\Cookie\Queue->handle(Object(Illuminate\Http\Request), 1, true)
#16 /Users/Daria/Documents/MidtermITP/vendor/stack/builder/src/Stack/StackedHttpKernel.php(23): Illuminate\Cookie\Guard->handle(Object(Illuminate\Http\Request), 1, true)
#17 /Users/Daria/Documents/MidtermITP/vendor/laravel/framework/src/Illuminate/Foundation/Application.php(606): Stack\StackedHttpKernel->handle(Object(Illuminate\Http\Request))
#18 /Users/Daria/Documents/MidtermITP/public/index.php(49): Illuminate\Foundation\Application->run()
#19 /Users/Daria/Documents/MidtermITP/server.php(19): require_once('/Users/Daria/Do...')
#20 {main} [] []
[2014-03-12 02:41:36] production.ERROR: exception 'Symfony\Component\Debug\Exception\FatalErrorException' with message 'syntax error, unexpected '->' (T_OBJECT_OPERATOR)' in /Users/Daria/Documents/MidtermITP/app/models/Yelp.php:9
Stack trace:
#0 [internal function]: Illuminate\Exception\Handler->handleShutdown()
#1 {main} [] []
[2014-03-12 02:42:55] production.ERROR: exception 'ErrorException' with message 'Undefined property: stdClass::$rating' in /Users/Daria/Documents/MidtermITP/app/views/yelp/reviews.php:37
Stack trace:
#0 /Users/Daria/Documents/MidtermITP/app/views/yelp/reviews.php(37): Illuminate\Exception\Handler->handleError(8, 'Undefined prope...', '/Users/Daria/Do...', 37, Array)
#1 /Users/Daria/Documents/MidtermITP/vendor/laravel/framework/src/Illuminate/View/Engines/PhpEngine.php(37): include('/Users/Daria/Do...')
#2 /Users/Daria/Documents/MidtermITP/vendor/laravel/framework/src/Illuminate/View/Engines/PhpEngine.php(16): Illuminate\View\Engines\PhpEngine->evaluatePath('/Users/Daria/Do...', Array)
#3 /Users/Daria/Documents/MidtermITP/vendor/laravel/framework/src/Illuminate/View/View.php(134): Illuminate\View\Engines\PhpEngine->get('/Users/Daria/Do...', Array)
#4 /Users/Daria/Documents/MidtermITP/vendor/laravel/framework/src/Illuminate/View/View.php(102): Illuminate\View\View->getContents()
#5 /Users/Daria/Documents/MidtermITP/vendor/laravel/framework/src/Illuminate/View/View.php(76): Illuminate\View\View->renderContents()
#6 /Users/Daria/Documents/MidtermITP/vendor/laravel/framework/src/Illuminate/Http/Response.php(70): Illuminate\View\View->render()
#7 /Users/Daria/Documents/MidtermITP/vendor/symfony/http-foundation/Symfony/Component/HttpFoundation/Response.php(202): Illuminate\Http\Response->setContent(Object(Illuminate\View\View))
#8 /Users/Daria/Documents/MidtermITP/vendor/laravel/framework/src/Illuminate/Routing/Router.php(1427): Symfony\Component\HttpFoundation\Response->__construct(Object(Illuminate\View\View))
#9 /Users/Daria/Documents/MidtermITP/vendor/laravel/framework/src/Illuminate/Routing/Router.php(1003): Illuminate\Routing\Router->prepareResponse(Object(Illuminate\Http\Request), Object(Illuminate\View\View))
#10 /Users/Daria/Documents/MidtermITP/vendor/laravel/framework/src/Illuminate/Routing/Router.php(968): Illuminate\Routing\Router->dispatchToRoute(Object(Illuminate\Http\Request))
#11 /Users/Daria/Documents/MidtermITP/vendor/laravel/framework/src/Illuminate/Foundation/Application.php(738): Illuminate\Routing\Router->dispatch(Object(Illuminate\Http\Request))
#12 /Users/Daria/Documents/MidtermITP/vendor/laravel/framework/src/Illuminate/Foundation/Application.php(708): Illuminate\Foundation\Application->dispatch(Object(Illuminate\Http\Request))
#13 /Users/Daria/Documents/MidtermITP/vendor/laravel/framework/src/Illuminate/Http/FrameGuard.php(38): Illuminate\Foundation\Application->handle(Object(Illuminate\Http\Request), 1, true)
#14 /Users/Daria/Documents/MidtermITP/vendor/laravel/framework/src/Illuminate/Session/Middleware.php(72): Illuminate\Http\FrameGuard->handle(Object(Illuminate\Http\Request), 1, true)
#15 /Users/Daria/Documents/MidtermITP/vendor/laravel/framework/src/Illuminate/Cookie/Queue.php(47): Illuminate\Session\Middleware->handle(Object(Illuminate\Http\Request), 1, true)
#16 /Users/Daria/Documents/MidtermITP/vendor/laravel/framework/src/Illuminate/Cookie/Guard.php(51): Illuminate\Cookie\Queue->handle(Object(Illuminate\Http\Request), 1, true)
#17 /Users/Daria/Documents/MidtermITP/vendor/stack/builder/src/Stack/StackedHttpKernel.php(23): Illuminate\Cookie\Guard->handle(Object(Illuminate\Http\Request), 1, true)
#18 /Users/Daria/Documents/MidtermITP/vendor/laravel/framework/src/Illuminate/Foundation/Application.php(606): Stack\StackedHttpKernel->handle(Object(Illuminate\Http\Request))
#19 /Users/Daria/Documents/MidtermITP/public/index.php(49): Illuminate\Foundation\Application->run()
#20 /Users/Daria/Documents/MidtermITP/server.php(19): require_once('/Users/Daria/Do...')
#21 {main} [] []
